2018-12-06 16:56:11,772 - netlog - INFO - ================================================
2018-12-06 16:56:11,772 - netlog - INFO - Generator Learning Rate: 0.0001
2018-12-06 16:56:11,772 - netlog - INFO - Discriminator Learning Rate: 0.0001
2018-12-06 16:56:11,772 - netlog - INFO - Discriminator: NLayer
2018-12-06 16:56:11,772 - netlog - INFO - target images:segmented
2018-12-06 16:56:11,772 - netlog - INFO - Nbr of Epochs: 1
2018-12-06 16:56:14,604 - netlog - INFO - Start Training
2018-12-06 16:56:18,281 - netlog - INFO - epoch:0, index:0, G_Loss:43.997882843, D_Loss:0.581925749779
2018-12-06 16:56:22,114 - netlog - INFO - epoch:0, index:10, G_Loss:43.8878669739, D_Loss:0.0597593784332
2018-12-06 16:56:24,699 - netlog - INFO - epoch:0, index:20, G_Loss:43.7826881409, D_Loss:0.0263100974262
2018-12-06 16:56:28,983 - netlog - INFO - epoch:0, index:30, G_Loss:42.9460029602, D_Loss:0.0108813932166
2018-12-06 16:56:32,862 - netlog - INFO - epoch:0, index:40, G_Loss:41.3345298767, D_Loss:0.00614811014384
2018-12-06 16:56:35,849 - netlog - INFO - epoch:0, index:50, G_Loss:41.2268638611, D_Loss:0.00558826606721
2018-12-06 16:56:38,856 - netlog - INFO - epoch:0, index:60, G_Loss:41.2983818054, D_Loss:0.00347648514435
2018-12-06 16:56:42,351 - netlog - INFO - epoch:0, index:70, G_Loss:41.8382530212, D_Loss:0.00286705722101
2018-12-06 16:56:45,281 - netlog - INFO - epoch:0, index:80, G_Loss:39.8454055786, D_Loss:0.00297606317326
2018-12-06 16:56:48,838 - netlog - INFO - epoch:0, index:90, G_Loss:38.3353729248, D_Loss:0.00223982008174
2018-12-06 16:56:51,619 - netlog - INFO - epoch:0, index:100, G_Loss:41.6186065674, D_Loss:0.00247120158747
2018-12-06 16:56:54,899 - netlog - INFO - epoch:0, index:110, G_Loss:41.1624946594, D_Loss:0.00315839890391
2018-12-06 16:56:57,529 - netlog - INFO - epoch:0, index:120, G_Loss:38.301700592, D_Loss:0.00229104328901
2018-12-06 16:57:00,735 - netlog - INFO - epoch:0, index:130, G_Loss:41.2265357971, D_Loss:0.00194449000992
2018-12-06 16:57:04,800 - netlog - INFO - epoch:0, index:140, G_Loss:39.3615341187, D_Loss:0.00196823338047
2018-12-06 16:57:09,607 - netlog - INFO - epoch:0, index:150, G_Loss:41.3498306274, D_Loss:0.00269605359063
2018-12-06 16:57:12,243 - netlog - INFO - epoch:0, index:160, G_Loss:38.7915039062, D_Loss:0.0016751170624
2018-12-06 16:57:15,217 - netlog - INFO - epoch:0, index:170, G_Loss:39.1215400696, D_Loss:0.00157926324755
2018-12-06 16:57:18,723 - netlog - INFO - epoch:0, index:180, G_Loss:39.1652336121, D_Loss:0.00150287069846
2018-12-06 16:57:22,963 - netlog - INFO - epoch:0, index:190, G_Loss:37.4300956726, D_Loss:0.00158680742607
2018-12-06 16:57:26,521 - netlog - INFO - epoch:0, index:200, G_Loss:36.5328979492, D_Loss:0.00162001117133
2018-12-06 16:57:29,766 - netlog - INFO - epoch:0, index:210, G_Loss:38.6863174438, D_Loss:0.00166503351647
2018-12-06 16:57:33,592 - netlog - INFO - epoch:0, index:220, G_Loss:37.5283508301, D_Loss:0.00183467881288
2018-12-06 16:57:36,856 - netlog - INFO - epoch:0, index:230, G_Loss:34.1411552429, D_Loss:0.00184426619671
2018-12-06 16:57:40,447 - netlog - INFO - epoch:0, index:240, G_Loss:36.1182556152, D_Loss:0.00192567775957
2018-12-06 16:57:43,320 - netlog - INFO - epoch:0, index:250, G_Loss:36.2793235779, D_Loss:0.00213009258732
2018-12-06 16:57:46,440 - netlog - INFO - epoch:0, index:260, G_Loss:34.0073432922, D_Loss:0.00235064583831
2018-12-06 16:57:49,147 - netlog - INFO - epoch:0, index:270, G_Loss:38.5991783142, D_Loss:0.00299144443125
2018-12-06 16:57:51,885 - netlog - INFO - epoch:0, index:280, G_Loss:37.8628540039, D_Loss:0.00196768902242
2018-12-06 16:57:55,675 - netlog - INFO - epoch:0, index:290, G_Loss:36.0340576172, D_Loss:0.00184187968262
2018-12-06 16:57:58,335 - netlog - INFO - epoch:0, index:300, G_Loss:34.5675964355, D_Loss:0.00161404442042
2018-12-06 16:58:01,561 - netlog - INFO - epoch:0, index:310, G_Loss:32.1983604431, D_Loss:0.00279474072158
2018-12-06 16:58:05,663 - netlog - INFO - epoch:0, index:320, G_Loss:35.3771591187, D_Loss:0.00158308946993
2018-12-06 16:58:08,723 - netlog - INFO - epoch:0, index:330, G_Loss:34.5485877991, D_Loss:0.00198701024055
2018-12-06 16:58:12,283 - netlog - INFO - epoch:0, index:340, G_Loss:31.2031440735, D_Loss:0.00217972090468
2018-12-06 16:58:16,814 - netlog - INFO - epoch:0, index:350, G_Loss:35.4001693726, D_Loss:0.00129178003408
2018-12-06 16:58:19,487 - netlog - INFO - epoch:0, index:360, G_Loss:35.3237953186, D_Loss:0.00131164607592
2018-12-06 16:58:22,633 - netlog - INFO - epoch:0, index:370, G_Loss:37.3398475647, D_Loss:0.00194024632219
2018-12-06 16:58:25,635 - netlog - INFO - epoch:0, index:380, G_Loss:34.3237533569, D_Loss:0.00137913681101
2018-12-06 16:58:29,843 - netlog - INFO - epoch:0, index:390, G_Loss:35.1342353821, D_Loss:0.00189516809769
2018-12-06 16:58:33,478 - netlog - INFO - epoch:0, index:400, G_Loss:33.5878486633, D_Loss:0.00147377175745
2018-12-06 16:58:37,051 - netlog - INFO - epoch:0, index:410, G_Loss:36.8094482422, D_Loss:0.00215295283124
2018-12-06 16:58:40,176 - netlog - INFO - epoch:0, index:420, G_Loss:33.8651390076, D_Loss:0.00145034305751
2018-12-06 16:58:43,836 - netlog - INFO - epoch:0, index:430, G_Loss:32.9108276367, D_Loss:0.00134757906199
2018-12-06 16:58:46,502 - netlog - INFO - epoch:0, index:440, G_Loss:32.0734329224, D_Loss:0.00135725666769
2018-12-06 16:58:49,179 - netlog - INFO - epoch:0, index:450, G_Loss:32.0275154114, D_Loss:0.0013572499156
2018-12-06 16:58:52,500 - netlog - INFO - epoch:0, index:460, G_Loss:32.5753555298, D_Loss:0.00133114866912
2018-12-06 16:58:55,396 - netlog - INFO - epoch:0, index:470, G_Loss:30.9239730835, D_Loss:0.00148513657041
2018-12-06 16:58:59,061 - netlog - INFO - epoch:0, index:480, G_Loss:32.5498085022, D_Loss:0.00127546256408
2018-12-06 16:59:02,733 - netlog - INFO - epoch:0, index:490, G_Loss:30.1000213623, D_Loss:0.00161531101912
2018-12-06 16:59:07,697 - netlog - INFO - epoch:0, index:500, G_Loss:30.5255718231, D_Loss:0.00124016404152
2018-12-06 16:59:11,449 - netlog - INFO - epoch:0, index:510, G_Loss:30.9908504486, D_Loss:0.00142092024907
2018-12-06 16:59:15,344 - netlog - INFO - epoch:0, index:520, G_Loss:31.0092067719, D_Loss:0.0021259766072
2018-12-06 16:59:18,012 - netlog - INFO - epoch:0, index:530, G_Loss:30.5935783386, D_Loss:0.00212235702202
2018-12-06 16:59:20,697 - netlog - INFO - epoch:0, index:540, G_Loss:30.394367218, D_Loss:0.00130693474784
2018-12-06 16:59:24,898 - netlog - INFO - epoch:0, index:550, G_Loss:32.5386695862, D_Loss:0.00200981344096
2018-12-06 16:59:27,577 - netlog - INFO - epoch:0, index:560, G_Loss:30.8319091797, D_Loss:0.00268432125449
2018-12-06 16:59:31,455 - netlog - INFO - epoch:0, index:570, G_Loss:30.7439212799, D_Loss:0.00150084169582
2018-12-06 16:59:34,133 - netlog - INFO - epoch:0, index:580, G_Loss:26.9697875977, D_Loss:0.00129950139672
2018-12-06 16:59:37,701 - netlog - INFO - epoch:0, index:590, G_Loss:27.9897251129, D_Loss:0.00124222075101
2018-12-06 16:59:41,223 - netlog - INFO - epoch:0, index:600, G_Loss:28.6719322205, D_Loss:0.00117529043928
2018-12-06 16:59:43,897 - netlog - INFO - epoch:0, index:610, G_Loss:26.267791748, D_Loss:0.00186190847307
2018-12-06 16:59:47,468 - netlog - INFO - epoch:0, index:620, G_Loss:26.9708690643, D_Loss:0.00133109255694
2018-12-06 16:59:51,590 - netlog - INFO - epoch:0, index:630, G_Loss:27.0274543762, D_Loss:0.00131176412106
2018-12-06 16:59:55,239 - netlog - INFO - epoch:0, index:640, G_Loss:27.1860313416, D_Loss:0.00143809628207
2018-12-06 16:59:58,541 - netlog - INFO - epoch:0, index:650, G_Loss:29.0096912384, D_Loss:0.00147869053762
2018-12-06 17:00:01,695 - netlog - INFO - epoch:0, index:660, G_Loss:27.2122688293, D_Loss:0.00141766364686
2018-12-06 17:00:04,591 - netlog - INFO - epoch:0, index:670, G_Loss:28.739812851, D_Loss:0.00143159646541
2018-12-06 17:00:07,275 - netlog - INFO - epoch:0, index:680, G_Loss:27.9025020599, D_Loss:0.00136000919156
2018-12-06 17:00:11,006 - netlog - INFO - epoch:0, index:690, G_Loss:30.304063797, D_Loss:0.0014034868218
2018-12-06 17:00:13,692 - netlog - INFO - epoch:0, index:700, G_Loss:25.4208774567, D_Loss:0.00142376695294
2018-12-06 17:00:16,379 - netlog - INFO - epoch:0, index:710, G_Loss:24.7762737274, D_Loss:0.00155183975585
2018-12-06 17:00:19,583 - netlog - INFO - epoch:0, index:720, G_Loss:24.392539978, D_Loss:0.00132450065576
2018-12-06 17:00:22,778 - netlog - INFO - epoch:0, index:730, G_Loss:26.6432342529, D_Loss:0.00120241451077
2018-12-06 17:00:25,487 - netlog - INFO - epoch:0, index:740, G_Loss:33.3353385925, D_Loss:0.00165031501092
2018-12-06 17:00:28,638 - netlog - INFO - epoch:0, index:750, G_Loss:25.1612377167, D_Loss:0.00148769677617
2018-12-06 17:00:32,609 - netlog - INFO - epoch:0, index:760, G_Loss:24.979473114, D_Loss:0.00132603710517
2018-12-06 17:00:36,506 - netlog - INFO - epoch:0, index:770, G_Loss:24.0813694, D_Loss:0.00131914461963
2018-12-06 17:00:39,900 - netlog - INFO - epoch:0, index:780, G_Loss:24.1936855316, D_Loss:0.00233796006069
2018-12-06 17:00:44,171 - netlog - INFO - epoch:0, index:790, G_Loss:23.1188850403, D_Loss:0.00306300609373
2018-12-06 17:00:46,853 - netlog - INFO - epoch:0, index:800, G_Loss:25.2651939392, D_Loss:0.00169073813595
2018-12-06 17:00:50,571 - netlog - INFO - epoch:0, index:810, G_Loss:19.5152645111, D_Loss:0.00215815589763
2018-12-06 17:00:54,407 - netlog - INFO - epoch:0, index:820, G_Loss:23.1789302826, D_Loss:0.00161072169431
2018-12-06 17:00:58,053 - netlog - INFO - epoch:0, index:830, G_Loss:23.5309333801, D_Loss:0.00145265262108
2018-12-06 17:01:01,804 - netlog - INFO - epoch:0, index:840, G_Loss:24.0522632599, D_Loss:0.00162565195933
2018-12-06 17:01:06,139 - netlog - INFO - epoch:0, index:850, G_Loss:24.3266506195, D_Loss:0.00117405457422
2018-12-06 17:01:10,110 - netlog - INFO - epoch:0, index:860, G_Loss:25.1613941193, D_Loss:0.00125788105652
2018-12-06 17:01:12,782 - netlog - INFO - epoch:0, index:870, G_Loss:20.503818512, D_Loss:0.00139047577977
2018-12-06 17:01:16,573 - netlog - INFO - epoch:0, index:880, G_Loss:24.201625824, D_Loss:0.00143057003152
2018-12-06 17:01:19,768 - netlog - INFO - epoch:0, index:890, G_Loss:24.0526599884, D_Loss:0.00143474689685
2018-12-06 17:01:23,098 - netlog - INFO - epoch:0, index:900, G_Loss:21.6251029968, D_Loss:0.00511393463239
2018-12-06 17:01:26,059 - netlog - INFO - epoch:0, index:910, G_Loss:19.8756484985, D_Loss:0.00317141460255
2018-12-06 17:01:28,951 - netlog - INFO - epoch:0, index:920, G_Loss:21.7899742126, D_Loss:0.00196375022642
2018-12-06 17:01:31,629 - netlog - INFO - epoch:0, index:930, G_Loss:21.6901741028, D_Loss:0.00382935581729
2018-12-06 17:01:35,017 - netlog - INFO - epoch:0, index:940, G_Loss:22.4684143066, D_Loss:0.00236641569063
2018-12-06 17:01:38,636 - netlog - INFO - epoch:0, index:950, G_Loss:22.2853107452, D_Loss:0.00185321364552
2018-12-06 17:01:41,813 - netlog - INFO - epoch:0, index:960, G_Loss:23.0647506714, D_Loss:0.00169474212453
2018-12-06 17:01:45,749 - netlog - INFO - epoch:0, index:970, G_Loss:19.4915733337, D_Loss:0.00236693723127
2018-12-06 17:01:48,602 - netlog - INFO - epoch:0, index:980, G_Loss:20.4063510895, D_Loss:0.00146435736679
2018-12-06 17:01:52,403 - netlog - INFO - epoch:0, index:990, G_Loss:20.2342739105, D_Loss:0.00146103929728
2018-12-06 17:01:55,981 - netlog - INFO - epoch:0, index:1000, G_Loss:17.600769043, D_Loss:0.00265364791267
2018-12-06 17:01:58,360 - netlog - INFO - Start Validation
2018-12-06 17:17:13,055 - netlog - INFO - ================================================
2018-12-06 17:17:13,055 - netlog - INFO - Generator Learning Rate: 0.0001
2018-12-06 17:17:13,056 - netlog - INFO - Discriminator Learning Rate: 0.0001
2018-12-06 17:17:13,056 - netlog - INFO - Discriminator: NLayer
2018-12-06 17:17:13,056 - netlog - INFO - target images:segmented
2018-12-06 17:17:13,056 - netlog - INFO - Nbr of Epochs: 1
2018-12-06 17:17:16,111 - netlog - INFO - Start Training
