2018-12-06 23:35:47,821 - netlog - INFO - ================================================
2018-12-06 23:35:47,821 - netlog - INFO - Learning Rate: 0.001
2018-12-06 23:35:47,821 - netlog - INFO - Nbr of Epochs: 10
2018-12-06 23:35:51,014 - netlog - INFO - Start Training
2018-12-06 23:35:54,167 - netlog - INFO - epoch:0, index:0, G_Loss:0.407291203737
2018-12-06 23:35:55,528 - netlog - INFO - epoch:0, index:10, G_Loss:0.339847445488
2018-12-06 23:35:58,679 - netlog - INFO - epoch:0, index:20, G_Loss:0.347153633833
2018-12-06 23:36:01,814 - netlog - INFO - epoch:0, index:30, G_Loss:0.320335179567
2018-12-06 23:36:03,935 - netlog - INFO - epoch:0, index:40, G_Loss:0.298345535994
2018-12-06 23:36:07,213 - netlog - INFO - epoch:0, index:50, G_Loss:0.274569243193
2018-12-06 23:36:10,286 - netlog - INFO - epoch:0, index:60, G_Loss:0.262412637472
2018-12-06 23:36:12,339 - netlog - INFO - epoch:0, index:70, G_Loss:0.240121975541
2018-12-06 23:36:17,124 - netlog - INFO - epoch:0, index:80, G_Loss:0.21821449697
2018-12-06 23:36:19,797 - netlog - INFO - epoch:0, index:90, G_Loss:0.216952338815
2018-12-06 23:36:25,794 - netlog - INFO - epoch:0, index:100, G_Loss:0.184666216373
2018-12-06 23:36:29,921 - netlog - INFO - epoch:0, index:110, G_Loss:0.167219296098
2018-12-06 23:36:32,242 - netlog - INFO - epoch:0, index:120, G_Loss:0.142938390374
2018-12-06 23:36:35,731 - netlog - INFO - epoch:0, index:130, G_Loss:0.139412492514
2018-12-06 23:36:37,437 - netlog - INFO - epoch:0, index:140, G_Loss:0.117932759225
2018-12-06 23:36:41,559 - netlog - INFO - epoch:0, index:150, G_Loss:0.12527705729
2018-12-06 23:36:45,590 - netlog - INFO - epoch:0, index:160, G_Loss:0.105111993849
2018-12-06 23:36:49,968 - netlog - INFO - epoch:0, index:170, G_Loss:0.106056191027
2018-12-06 23:36:52,804 - netlog - INFO - epoch:0, index:180, G_Loss:0.0842408314347
2018-12-06 23:36:56,015 - netlog - INFO - epoch:0, index:190, G_Loss:0.0802616253495
2018-12-06 23:36:59,143 - netlog - INFO - epoch:0, index:200, G_Loss:0.0794081091881
2018-12-06 23:37:01,976 - netlog - INFO - epoch:0, index:210, G_Loss:0.0707956701517
2018-12-06 23:37:05,366 - netlog - INFO - epoch:0, index:220, G_Loss:0.0643927678466
2018-12-06 23:37:08,248 - netlog - INFO - epoch:0, index:230, G_Loss:0.0820392519236
2018-12-06 23:37:10,725 - netlog - INFO - epoch:0, index:240, G_Loss:0.0682728141546
2018-12-06 23:37:13,688 - netlog - INFO - epoch:0, index:250, G_Loss:0.0758926942945
2018-12-06 23:37:17,460 - netlog - INFO - epoch:0, index:260, G_Loss:0.0592377223074
2018-12-06 23:37:22,003 - netlog - INFO - epoch:0, index:270, G_Loss:0.0814136341214
2018-12-06 23:37:25,764 - netlog - INFO - epoch:0, index:280, G_Loss:0.0656947270036
2018-12-06 23:37:28,011 - netlog - INFO - epoch:0, index:290, G_Loss:0.0540791153908
2018-12-06 23:37:30,736 - netlog - INFO - epoch:0, index:300, G_Loss:0.0501802302897
2018-12-06 23:37:34,150 - netlog - INFO - epoch:0, index:310, G_Loss:0.0701934024692
2018-12-06 23:37:36,813 - netlog - INFO - epoch:0, index:320, G_Loss:0.0637123957276
2018-12-06 23:37:40,497 - netlog - INFO - epoch:0, index:330, G_Loss:0.074396237731
2018-12-06 23:37:44,049 - netlog - INFO - epoch:0, index:340, G_Loss:0.061416272074
2018-12-06 23:37:47,399 - netlog - INFO - epoch:0, index:350, G_Loss:0.073110692203
2018-12-06 23:37:50,920 - netlog - INFO - epoch:0, index:360, G_Loss:0.074329636991
2018-12-06 23:37:53,199 - netlog - INFO - epoch:0, index:370, G_Loss:0.0502377413213
2018-12-06 23:37:56,414 - netlog - INFO - epoch:0, index:380, G_Loss:0.0448162518442
2018-12-06 23:38:01,069 - netlog - INFO - epoch:0, index:390, G_Loss:0.057036716491
2018-12-06 23:38:03,148 - netlog - INFO - epoch:0, index:400, G_Loss:0.0697165206075
2018-12-06 23:38:07,431 - netlog - INFO - epoch:0, index:410, G_Loss:0.0606308840215
2018-12-06 23:38:10,207 - netlog - INFO - epoch:0, index:420, G_Loss:0.064144231379
2018-12-06 23:38:13,682 - netlog - INFO - epoch:0, index:430, G_Loss:0.050570692867
2018-12-06 23:38:16,544 - netlog - INFO - epoch:0, index:440, G_Loss:0.0750078037381
2018-12-06 23:38:19,348 - netlog - INFO - epoch:0, index:450, G_Loss:0.0529309101403
2018-12-06 23:38:22,736 - netlog - INFO - epoch:0, index:460, G_Loss:0.062415253371
2018-12-06 23:38:26,183 - netlog - INFO - epoch:0, index:470, G_Loss:0.0589226074517
2018-12-06 23:38:29,660 - netlog - INFO - epoch:0, index:480, G_Loss:0.0586306788027
2018-12-06 23:38:32,253 - netlog - INFO - epoch:0, index:490, G_Loss:0.075951449573
2018-12-06 23:38:35,468 - netlog - INFO - epoch:0, index:500, G_Loss:0.0543736033142
2018-12-06 23:38:38,626 - netlog - INFO - epoch:0, index:510, G_Loss:0.0586203634739
2018-12-06 23:38:43,339 - netlog - INFO - epoch:0, index:520, G_Loss:0.0612756945193
2018-12-06 23:38:46,322 - netlog - INFO - epoch:0, index:530, G_Loss:0.0684520080686
2018-12-06 23:38:49,086 - netlog - INFO - epoch:0, index:540, G_Loss:0.0557625629008
2018-12-06 23:38:53,400 - netlog - INFO - epoch:0, index:550, G_Loss:0.0560028888285
2018-12-06 23:38:56,470 - netlog - INFO - epoch:0, index:560, G_Loss:0.0773396790028
2018-12-06 23:39:01,419 - netlog - INFO - epoch:0, index:570, G_Loss:0.0486082471907
2018-12-06 23:39:03,908 - netlog - INFO - epoch:0, index:580, G_Loss:0.0482588224113
2018-12-06 23:39:07,572 - netlog - INFO - epoch:0, index:590, G_Loss:0.0764034539461
2018-12-06 23:39:11,775 - netlog - INFO - epoch:0, index:600, G_Loss:0.0473425872624
2018-12-06 23:39:14,267 - netlog - INFO - epoch:0, index:610, G_Loss:0.049370650202
2018-12-06 23:39:18,002 - netlog - INFO - epoch:0, index:620, G_Loss:0.0555904656649
2018-12-06 23:39:21,742 - netlog - INFO - epoch:0, index:630, G_Loss:0.057358790189
2018-12-06 23:39:24,083 - netlog - INFO - epoch:0, index:640, G_Loss:0.0938495099545
2018-12-06 23:39:26,105 - netlog - INFO - epoch:0, index:650, G_Loss:0.0706592276692
2018-12-06 23:39:29,789 - netlog - INFO - epoch:0, index:660, G_Loss:0.0578937195241
2018-12-06 23:39:32,763 - netlog - INFO - epoch:0, index:670, G_Loss:0.0528202392161
2018-12-06 23:39:35,011 - netlog - INFO - epoch:0, index:680, G_Loss:0.0636844187975
2018-12-06 23:39:37,443 - netlog - INFO - epoch:0, index:690, G_Loss:0.082629673183
2018-12-06 23:39:42,167 - netlog - INFO - epoch:0, index:700, G_Loss:0.0855482295156
2018-12-06 23:39:44,915 - netlog - INFO - epoch:0, index:710, G_Loss:0.0598457492888
2018-12-06 23:39:48,793 - netlog - INFO - epoch:0, index:720, G_Loss:0.0576409846544
2018-12-06 23:39:53,070 - netlog - INFO - epoch:0, index:730, G_Loss:0.0653107091784
2018-12-06 23:39:56,461 - netlog - INFO - epoch:0, index:740, G_Loss:0.0776298120618
2018-12-06 23:39:58,615 - netlog - INFO - epoch:0, index:750, G_Loss:0.0363802537322
2018-12-06 23:40:02,015 - netlog - INFO - epoch:0, index:760, G_Loss:0.0705150589347
2018-12-06 23:40:05,312 - netlog - INFO - epoch:0, index:770, G_Loss:0.0487495176494
2018-12-06 23:40:08,786 - netlog - INFO - epoch:0, index:780, G_Loss:0.0665989220142
2018-12-06 23:40:12,527 - netlog - INFO - epoch:0, index:790, G_Loss:0.0484800338745
2018-12-06 23:40:14,525 - netlog - INFO - epoch:0, index:800, G_Loss:0.0443355292082
2018-12-06 23:40:18,085 - netlog - INFO - epoch:0, index:810, G_Loss:0.0641381219029
2018-12-06 23:40:21,544 - netlog - INFO - epoch:0, index:820, G_Loss:0.0549109689891
2018-12-06 23:40:24,547 - netlog - INFO - epoch:0, index:830, G_Loss:0.0538050122559
2018-12-06 23:40:29,558 - netlog - INFO - epoch:0, index:840, G_Loss:0.0570654906332
2018-12-06 23:40:32,316 - netlog - INFO - epoch:0, index:850, G_Loss:0.0558907724917
2018-12-06 23:40:35,002 - netlog - INFO - epoch:0, index:860, G_Loss:0.0825921148062
2018-12-06 23:40:38,819 - netlog - INFO - epoch:0, index:870, G_Loss:0.0611802898347
2018-12-06 23:40:42,808 - netlog - INFO - epoch:0, index:880, G_Loss:0.0455724187195
2018-12-06 23:40:47,158 - netlog - INFO - epoch:0, index:890, G_Loss:0.0528636537492
2018-12-06 23:40:50,368 - netlog - INFO - epoch:0, index:900, G_Loss:0.067665182054
2018-12-06 23:40:52,274 - netlog - INFO - epoch:0, index:910, G_Loss:0.0465339906514
2018-12-06 23:40:55,332 - netlog - INFO - epoch:0, index:920, G_Loss:0.0553252883255
2018-12-06 23:40:58,322 - netlog - INFO - epoch:0, index:930, G_Loss:0.0608379729092
2018-12-06 23:41:01,433 - netlog - INFO - epoch:0, index:940, G_Loss:0.0563611797988
2018-12-06 23:41:04,296 - netlog - INFO - epoch:0, index:950, G_Loss:0.0526511780918
2018-12-06 23:41:07,599 - netlog - INFO - epoch:0, index:960, G_Loss:0.059814941138
2018-12-06 23:41:11,283 - netlog - INFO - epoch:0, index:970, G_Loss:0.0832639709115
2018-12-06 23:41:15,026 - netlog - INFO - epoch:0, index:980, G_Loss:0.056246291846
2018-12-06 23:41:18,439 - netlog - INFO - epoch:0, index:990, G_Loss:0.0560705326498
2018-12-06 23:41:22,325 - netlog - INFO - epoch:0, index:1000, G_Loss:0.0510501414537
2018-12-06 23:41:23,443 - netlog - INFO - Start Validation
2018-12-06 23:41:26,220 - netlog - INFO - epoch:1, index:0, G_Loss:0.049013838172
2018-12-06 23:41:30,850 - netlog - INFO - epoch:1, index:10, G_Loss:0.0390753187239
2018-12-06 23:41:33,889 - netlog - INFO - epoch:1, index:20, G_Loss:0.0562785156071
2018-12-06 23:41:37,219 - netlog - INFO - epoch:1, index:30, G_Loss:0.0928074046969
2018-12-06 23:41:43,065 - netlog - INFO - epoch:1, index:40, G_Loss:0.0410512499511
2018-12-06 23:41:45,346 - netlog - INFO - epoch:1, index:50, G_Loss:0.0549946688116
2018-12-06 23:41:48,810 - netlog - INFO - epoch:1, index:60, G_Loss:0.0747352465987
2018-12-06 23:41:52,662 - netlog - INFO - epoch:1, index:70, G_Loss:0.0793975368142
2018-12-06 23:41:56,140 - netlog - INFO - epoch:1, index:80, G_Loss:0.0701603665948
2018-12-06 23:41:59,104 - netlog - INFO - epoch:1, index:90, G_Loss:0.0536249540746
2018-12-06 23:42:02,175 - netlog - INFO - epoch:1, index:100, G_Loss:0.0468653738499
2018-12-06 23:42:05,958 - netlog - INFO - epoch:1, index:110, G_Loss:0.0526230745018
2018-12-06 23:42:09,380 - netlog - INFO - epoch:1, index:120, G_Loss:0.0340234003961
2018-12-06 23:42:11,975 - netlog - INFO - epoch:1, index:130, G_Loss:0.0690942779183
2018-12-06 23:42:14,192 - netlog - INFO - epoch:1, index:140, G_Loss:0.0508029460907
2018-12-06 23:42:17,647 - netlog - INFO - epoch:1, index:150, G_Loss:0.0612265653908
2018-12-06 23:42:20,818 - netlog - INFO - epoch:1, index:160, G_Loss:0.0452964603901
2018-12-06 23:42:23,725 - netlog - INFO - epoch:1, index:170, G_Loss:0.0560718290508
2018-12-06 23:42:26,346 - netlog - INFO - epoch:1, index:180, G_Loss:0.0567623376846
2018-12-06 23:42:28,670 - netlog - INFO - epoch:1, index:190, G_Loss:0.0769928768277
2018-12-06 23:42:32,059 - netlog - INFO - epoch:1, index:200, G_Loss:0.048986941576
2018-12-06 23:42:35,931 - netlog - INFO - epoch:1, index:210, G_Loss:0.16758698225
2018-12-06 23:42:38,772 - netlog - INFO - epoch:1, index:220, G_Loss:0.0507433898747
2018-12-06 23:42:42,014 - netlog - INFO - epoch:1, index:230, G_Loss:0.0565125234425
2018-12-06 23:42:44,572 - netlog - INFO - epoch:1, index:240, G_Loss:0.0456482321024
2018-12-06 23:42:47,670 - netlog - INFO - epoch:1, index:250, G_Loss:0.0604690052569
2018-12-06 23:42:50,535 - netlog - INFO - epoch:1, index:260, G_Loss:0.0479933917522
2018-12-06 23:42:53,215 - netlog - INFO - epoch:1, index:270, G_Loss:0.0582726486027
2018-12-06 23:42:56,265 - netlog - INFO - epoch:1, index:280, G_Loss:0.0360086448491
2018-12-06 23:42:59,858 - netlog - INFO - epoch:1, index:290, G_Loss:0.0463074333966
2018-12-06 23:43:03,290 - netlog - INFO - epoch:1, index:300, G_Loss:0.0630100667477
2018-12-06 23:43:06,088 - netlog - INFO - epoch:1, index:310, G_Loss:0.0576157011092
2018-12-06 23:43:09,972 - netlog - INFO - epoch:1, index:320, G_Loss:0.0499727576971
2018-12-06 23:43:14,002 - netlog - INFO - epoch:1, index:330, G_Loss:0.0876515880227
2018-12-06 23:43:18,786 - netlog - INFO - epoch:1, index:340, G_Loss:0.0625650659204
2018-12-06 23:43:20,790 - netlog - INFO - epoch:1, index:350, G_Loss:0.0506575852633
2018-12-06 23:43:23,503 - netlog - INFO - epoch:1, index:360, G_Loss:0.0456015206873
2018-12-06 23:43:26,878 - netlog - INFO - epoch:1, index:370, G_Loss:0.0598713867366
2018-12-06 23:43:28,865 - netlog - INFO - epoch:1, index:380, G_Loss:0.0476409904659
2018-12-06 23:43:32,238 - netlog - INFO - epoch:1, index:390, G_Loss:0.0767723470926
2018-12-06 23:43:35,433 - netlog - INFO - epoch:1, index:400, G_Loss:0.0332257114351
2018-12-06 23:43:38,768 - netlog - INFO - epoch:1, index:410, G_Loss:0.0632269009948
2018-12-06 23:43:42,252 - netlog - INFO - epoch:1, index:420, G_Loss:0.0586401075125
2018-12-06 23:43:45,238 - netlog - INFO - epoch:1, index:430, G_Loss:0.063607417047
2018-12-06 23:43:47,932 - netlog - INFO - epoch:1, index:440, G_Loss:0.0614983923733
2018-12-06 23:43:50,485 - netlog - INFO - epoch:1, index:450, G_Loss:0.0691063776612
2018-12-06 23:43:53,824 - netlog - INFO - epoch:1, index:460, G_Loss:0.0418065823615
2018-12-06 23:43:58,182 - netlog - INFO - epoch:1, index:470, G_Loss:0.04315347597
2018-12-06 23:44:00,279 - netlog - INFO - epoch:1, index:480, G_Loss:0.0523919425905
2018-12-06 23:44:04,745 - netlog - INFO - epoch:1, index:490, G_Loss:0.0449272096157
2018-12-06 23:44:06,972 - netlog - INFO - epoch:1, index:500, G_Loss:0.0444255359471
2018-12-06 23:44:10,539 - netlog - INFO - epoch:1, index:510, G_Loss:0.0578659884632
2018-12-06 23:44:13,793 - netlog - INFO - epoch:1, index:520, G_Loss:0.0783178508282
2018-12-06 23:44:17,461 - netlog - INFO - epoch:1, index:530, G_Loss:0.0568597465754
2018-12-06 23:44:19,891 - netlog - INFO - epoch:1, index:540, G_Loss:0.0440222583711
2018-12-06 23:44:22,449 - netlog - INFO - epoch:1, index:550, G_Loss:0.0704556927085
2018-12-06 23:44:26,140 - netlog - INFO - epoch:1, index:560, G_Loss:0.0534174889326
2018-12-06 23:44:28,764 - netlog - INFO - epoch:1, index:570, G_Loss:0.0830519124866
2018-12-06 23:44:31,179 - netlog - INFO - epoch:1, index:580, G_Loss:0.0548497401178
2018-12-06 23:44:33,780 - netlog - INFO - epoch:1, index:590, G_Loss:0.0464023761451
2018-12-06 23:44:36,058 - netlog - INFO - epoch:1, index:600, G_Loss:0.0783228203654
2018-12-06 23:44:39,404 - netlog - INFO - epoch:1, index:610, G_Loss:0.0322329886258
2018-12-06 23:44:42,324 - netlog - INFO - epoch:1, index:620, G_Loss:0.0400996953249
2018-12-06 23:44:45,141 - netlog - INFO - epoch:1, index:630, G_Loss:0.0577307678759
2018-12-06 23:44:48,559 - netlog - INFO - epoch:1, index:640, G_Loss:0.0542797110975
2018-12-06 23:44:52,062 - netlog - INFO - epoch:1, index:650, G_Loss:0.0708501562476
2018-12-06 23:44:56,217 - netlog - INFO - epoch:1, index:660, G_Loss:0.0805877298117
2018-12-06 23:44:59,506 - netlog - INFO - epoch:1, index:670, G_Loss:0.0437944941223
2018-12-06 23:45:03,665 - netlog - INFO - epoch:1, index:680, G_Loss:0.0511187016964
2018-12-06 23:45:06,616 - netlog - INFO - epoch:1, index:690, G_Loss:0.0428623817861
2018-12-06 23:45:10,833 - netlog - INFO - epoch:1, index:700, G_Loss:0.0475992299616
2018-12-06 23:45:13,673 - netlog - INFO - epoch:1, index:710, G_Loss:0.0739733055234
2018-12-06 23:45:15,747 - netlog - INFO - epoch:1, index:720, G_Loss:0.0742257013917
2018-12-06 23:45:19,213 - netlog - INFO - epoch:1, index:730, G_Loss:0.0493647865951
2018-12-06 23:45:22,570 - netlog - INFO - epoch:1, index:740, G_Loss:0.0684169530869
2018-12-06 23:45:25,254 - netlog - INFO - epoch:1, index:750, G_Loss:0.0500889308751
2018-12-06 23:45:27,834 - netlog - INFO - epoch:1, index:760, G_Loss:0.065182030201
2018-12-06 23:45:31,456 - netlog - INFO - epoch:1, index:770, G_Loss:0.047343891114
2018-12-06 23:45:35,393 - netlog - INFO - epoch:1, index:780, G_Loss:0.0353605337441
2018-12-06 23:45:39,356 - netlog - INFO - epoch:1, index:790, G_Loss:0.0458554811776
2018-12-06 23:45:42,693 - netlog - INFO - epoch:1, index:800, G_Loss:0.0598282366991
2018-12-06 23:45:45,667 - netlog - INFO - epoch:1, index:810, G_Loss:0.058288872242
2018-12-06 23:45:49,451 - netlog - INFO - epoch:1, index:820, G_Loss:0.0758210420609
2018-12-06 23:45:54,222 - netlog - INFO - epoch:1, index:830, G_Loss:0.0461507104337
2018-12-06 23:45:56,427 - netlog - INFO - epoch:1, index:840, G_Loss:0.0662238672376
2018-12-06 23:45:58,818 - netlog - INFO - epoch:1, index:850, G_Loss:0.0523035824299
2018-12-06 23:46:02,306 - netlog - INFO - epoch:1, index:860, G_Loss:0.0472136177123
2018-12-06 23:46:07,269 - netlog - INFO - epoch:1, index:870, G_Loss:0.0582671351731
2018-12-06 23:46:09,061 - netlog - INFO - epoch:1, index:880, G_Loss:0.0379962511361
2018-12-06 23:46:12,414 - netlog - INFO - epoch:1, index:890, G_Loss:0.053575694561
2018-12-06 23:46:15,743 - netlog - INFO - epoch:1, index:900, G_Loss:0.0814764052629
2018-12-06 23:46:19,540 - netlog - INFO - epoch:1, index:910, G_Loss:0.0701234564185
2018-12-06 23:46:22,965 - netlog - INFO - epoch:1, index:920, G_Loss:0.044507291168
2018-12-06 23:46:26,013 - netlog - INFO - epoch:1, index:930, G_Loss:0.0844417884946
2018-12-06 23:46:30,642 - netlog - INFO - epoch:1, index:940, G_Loss:0.042967274785
2018-12-06 23:46:33,428 - netlog - INFO - epoch:1, index:950, G_Loss:0.076637417078
2018-12-06 23:46:36,297 - netlog - INFO - epoch:1, index:960, G_Loss:0.0557319931686
2018-12-06 23:46:39,306 - netlog - INFO - epoch:1, index:970, G_Loss:0.0630815848708
2018-12-06 23:46:43,328 - netlog - INFO - epoch:1, index:980, G_Loss:0.038250181824
2018-12-06 23:46:47,023 - netlog - INFO - epoch:1, index:990, G_Loss:0.0631035864353
2018-12-06 23:46:49,348 - netlog - INFO - epoch:1, index:1000, G_Loss:0.0808336958289
2018-12-06 23:46:50,831 - netlog - INFO - Start Validation
2018-12-06 23:46:53,874 - netlog - INFO - epoch:2, index:0, G_Loss:0.0632203891873
2018-12-06 23:46:56,345 - netlog - INFO - epoch:2, index:10, G_Loss:0.0633320882916
2018-12-06 23:46:59,640 - netlog - INFO - epoch:2, index:20, G_Loss:0.0463222265244
2018-12-06 23:47:03,602 - netlog - INFO - epoch:2, index:30, G_Loss:0.0642262622714
2018-12-06 23:47:06,410 - netlog - INFO - epoch:2, index:40, G_Loss:0.044666737318
2018-12-06 23:47:10,182 - netlog - INFO - epoch:2, index:50, G_Loss:0.0462852567434
2018-12-06 23:47:13,682 - netlog - INFO - epoch:2, index:60, G_Loss:0.0892755314708
2018-12-06 23:47:17,968 - netlog - INFO - epoch:2, index:70, G_Loss:0.0521560609341
2018-12-06 23:47:21,351 - netlog - INFO - epoch:2, index:80, G_Loss:0.0581416450441
2018-12-06 23:47:23,967 - netlog - INFO - epoch:2, index:90, G_Loss:0.0423889793456
2018-12-06 23:47:29,336 - netlog - INFO - epoch:2, index:100, G_Loss:0.0349231660366
2018-12-06 23:47:32,592 - netlog - INFO - epoch:2, index:110, G_Loss:0.0572929531336
2018-12-06 23:47:36,277 - netlog - INFO - epoch:2, index:120, G_Loss:0.0474862419069
2018-12-06 23:47:38,759 - netlog - INFO - epoch:2, index:130, G_Loss:0.0412066355348
2018-12-06 23:47:43,381 - netlog - INFO - epoch:2, index:140, G_Loss:0.0502392500639
2018-12-06 23:47:46,214 - netlog - INFO - epoch:2, index:150, G_Loss:0.0489604882896
2018-12-06 23:47:47,819 - netlog - INFO - epoch:2, index:160, G_Loss:0.0740584954619
2018-12-06 23:47:51,504 - netlog - INFO - epoch:2, index:170, G_Loss:0.0650785192847
2018-12-06 23:47:54,872 - netlog - INFO - epoch:2, index:180, G_Loss:0.0771313682199
2018-12-06 23:47:57,981 - netlog - INFO - epoch:2, index:190, G_Loss:0.078998349607
2018-12-06 23:48:01,748 - netlog - INFO - epoch:2, index:200, G_Loss:0.066800288856
2018-12-06 23:48:06,207 - netlog - INFO - epoch:2, index:210, G_Loss:0.0376987196505
2018-12-06 23:48:08,035 - netlog - INFO - epoch:2, index:220, G_Loss:0.0764257609844
2018-12-06 23:48:11,307 - netlog - INFO - epoch:2, index:230, G_Loss:0.0725032389164
2018-12-06 23:48:14,674 - netlog - INFO - epoch:2, index:240, G_Loss:0.0646298453212
2018-12-06 23:48:19,865 - netlog - INFO - epoch:2, index:250, G_Loss:0.0597896315157
2018-12-06 23:48:21,612 - netlog - INFO - epoch:2, index:260, G_Loss:0.0627447813749
2018-12-06 23:48:25,832 - netlog - INFO - epoch:2, index:270, G_Loss:0.0822276324034
2018-12-06 23:48:29,342 - netlog - INFO - epoch:2, index:280, G_Loss:0.0680466517806
2018-12-06 23:48:33,581 - netlog - INFO - epoch:2, index:290, G_Loss:0.0552208907902
2018-12-06 23:48:36,657 - netlog - INFO - epoch:2, index:300, G_Loss:0.0618047602475
2018-12-06 23:48:39,871 - netlog - INFO - epoch:2, index:310, G_Loss:0.0571854561567
2018-12-06 23:48:42,566 - netlog - INFO - epoch:2, index:320, G_Loss:0.0548405945301
2018-12-06 23:48:45,861 - netlog - INFO - epoch:2, index:330, G_Loss:0.0659995749593
2018-12-06 23:48:49,400 - netlog - INFO - epoch:2, index:340, G_Loss:0.064380556345
2018-12-06 23:48:52,003 - netlog - INFO - epoch:2, index:350, G_Loss:0.0437673330307
2018-12-06 23:48:55,813 - netlog - INFO - epoch:2, index:360, G_Loss:0.0438030920923
2018-12-06 23:48:58,439 - netlog - INFO - epoch:2, index:370, G_Loss:0.0556663535535
2018-12-06 23:49:01,701 - netlog - INFO - epoch:2, index:380, G_Loss:0.0729967877269
2018-12-06 23:49:04,888 - netlog - INFO - epoch:2, index:390, G_Loss:0.0333648473024
2018-12-06 23:49:08,132 - netlog - INFO - epoch:2, index:400, G_Loss:0.0469112358987
2018-12-06 23:49:11,588 - netlog - INFO - epoch:2, index:410, G_Loss:0.03921912238
2018-12-06 23:49:14,541 - netlog - INFO - epoch:2, index:420, G_Loss:0.0520093031228
2018-12-06 23:49:17,800 - netlog - INFO - epoch:2, index:430, G_Loss:0.0398082472384
2018-12-06 23:49:20,553 - netlog - INFO - epoch:2, index:440, G_Loss:0.0636279657483
2018-12-06 23:49:23,867 - netlog - INFO - epoch:2, index:450, G_Loss:0.056602049619
2018-12-06 23:49:27,287 - netlog - INFO - epoch:2, index:460, G_Loss:0.0686862692237
2018-12-06 23:49:29,627 - netlog - INFO - epoch:2, index:470, G_Loss:0.0529608279467
2018-12-06 23:49:32,692 - netlog - INFO - epoch:2, index:480, G_Loss:0.0591993965209
2018-12-06 23:49:35,694 - netlog - INFO - epoch:2, index:490, G_Loss:0.0402511544526
2018-12-06 23:49:38,881 - netlog - INFO - epoch:2, index:500, G_Loss:0.0519504696131
2018-12-06 23:49:40,732 - netlog - INFO - epoch:2, index:510, G_Loss:0.0438669137657
2018-12-06 23:49:43,629 - netlog - INFO - epoch:2, index:520, G_Loss:0.0402968935668
2018-12-06 23:49:47,140 - netlog - INFO - epoch:2, index:530, G_Loss:0.0457203499973
2018-12-06 23:49:50,779 - netlog - INFO - epoch:2, index:540, G_Loss:0.0829243138433
2018-12-06 23:49:52,856 - netlog - INFO - epoch:2, index:550, G_Loss:0.0632105320692
2018-12-06 23:49:55,431 - netlog - INFO - epoch:2, index:560, G_Loss:0.0478505343199
2018-12-06 23:49:58,632 - netlog - INFO - epoch:2, index:570, G_Loss:0.040558654815
2018-12-06 23:50:01,556 - netlog - INFO - epoch:2, index:580, G_Loss:0.0593485794961
2018-12-06 23:50:05,387 - netlog - INFO - epoch:2, index:590, G_Loss:0.0416761934757
2018-12-06 23:50:09,030 - netlog - INFO - epoch:2, index:600, G_Loss:0.0379868708551
2018-12-06 23:50:11,815 - netlog - INFO - epoch:2, index:610, G_Loss:0.0409825965762
2018-12-06 23:50:14,615 - netlog - INFO - epoch:2, index:620, G_Loss:0.052055452019
2018-12-06 23:50:18,688 - netlog - INFO - epoch:2, index:630, G_Loss:0.0333372987807
2018-12-06 23:50:21,608 - netlog - INFO - epoch:2, index:640, G_Loss:0.0351913310587
2018-12-06 23:50:24,197 - netlog - INFO - epoch:2, index:650, G_Loss:0.0647102072835
2018-12-06 23:50:27,830 - netlog - INFO - epoch:2, index:660, G_Loss:0.0545684248209
2018-12-06 23:50:31,276 - netlog - INFO - epoch:2, index:670, G_Loss:0.0691494196653
2018-12-06 23:50:34,380 - netlog - INFO - epoch:2, index:680, G_Loss:0.0869291499257
2018-12-06 23:50:38,121 - netlog - INFO - epoch:2, index:690, G_Loss:0.0520978420973
2018-12-06 23:50:40,629 - netlog - INFO - epoch:2, index:700, G_Loss:0.0566043965518
2018-12-06 23:50:44,410 - netlog - INFO - epoch:2, index:710, G_Loss:0.0425223521888
2018-12-06 23:50:48,764 - netlog - INFO - epoch:2, index:720, G_Loss:0.0399140194058
2018-12-06 23:50:51,784 - netlog - INFO - epoch:2, index:730, G_Loss:0.109938181937
2018-12-06 23:50:54,893 - netlog - INFO - epoch:2, index:740, G_Loss:0.0561698973179
2018-12-06 23:51:00,613 - netlog - INFO - epoch:2, index:750, G_Loss:0.0520360134542
2018-12-06 23:51:02,485 - netlog - INFO - epoch:2, index:760, G_Loss:0.0433429181576
2018-12-06 23:51:05,723 - netlog - INFO - epoch:2, index:770, G_Loss:0.0423692911863
2018-12-06 23:51:09,403 - netlog - INFO - epoch:2, index:780, G_Loss:0.0750877261162
2018-12-06 23:51:12,703 - netlog - INFO - epoch:2, index:790, G_Loss:0.0474811606109
2018-12-06 23:51:16,123 - netlog - INFO - epoch:2, index:800, G_Loss:0.0411411561072
2018-12-06 23:51:17,847 - netlog - INFO - epoch:2, index:810, G_Loss:0.0337159223855
2018-12-06 23:51:21,887 - netlog - INFO - epoch:2, index:820, G_Loss:0.192440465093
2018-12-06 23:51:25,894 - netlog - INFO - epoch:2, index:830, G_Loss:0.0565950386226
2018-12-06 23:51:29,550 - netlog - INFO - epoch:2, index:840, G_Loss:0.0468499660492
2018-12-06 23:51:32,762 - netlog - INFO - epoch:2, index:850, G_Loss:0.0494165606797
2018-12-06 23:51:37,309 - netlog - INFO - epoch:2, index:860, G_Loss:0.0526579618454
2018-12-06 23:51:40,625 - netlog - INFO - epoch:2, index:870, G_Loss:0.0967514589429
2018-12-06 23:51:43,363 - netlog - INFO - epoch:2, index:880, G_Loss:0.0458637773991
2018-12-06 23:51:45,713 - netlog - INFO - epoch:2, index:890, G_Loss:0.0502715073526
2018-12-06 23:51:49,863 - netlog - INFO - epoch:2, index:900, G_Loss:0.0465356111526
2018-12-06 23:51:52,335 - netlog - INFO - epoch:2, index:910, G_Loss:0.0897927954793
2018-12-06 23:51:55,170 - netlog - INFO - epoch:2, index:920, G_Loss:0.0676642730832
2018-12-06 23:51:59,790 - netlog - INFO - epoch:2, index:930, G_Loss:0.0617985539138
2018-12-06 23:52:02,468 - netlog - INFO - epoch:2, index:940, G_Loss:0.0620374493301
2018-12-06 23:52:05,145 - netlog - INFO - epoch:2, index:950, G_Loss:0.0329187735915
2018-12-06 23:52:09,424 - netlog - INFO - epoch:2, index:960, G_Loss:0.0373373366892
2018-12-06 23:52:11,883 - netlog - INFO - epoch:2, index:970, G_Loss:0.0295936223119
2018-12-06 23:52:14,982 - netlog - INFO - epoch:2, index:980, G_Loss:0.0504217296839
2018-12-06 23:52:18,030 - netlog - INFO - epoch:2, index:990, G_Loss:0.034500002861
2018-12-06 23:52:21,115 - netlog - INFO - epoch:2, index:1000, G_Loss:0.0413143783808
2018-12-06 23:52:23,082 - netlog - INFO - Start Validation
2018-12-06 23:52:25,477 - netlog - INFO - epoch:3, index:0, G_Loss:0.0473596006632
2018-12-06 23:52:28,756 - netlog - INFO - epoch:3, index:10, G_Loss:0.0470140241086
2018-12-06 23:52:31,008 - netlog - INFO - epoch:3, index:20, G_Loss:0.0752951055765
2018-12-06 23:52:35,180 - netlog - INFO - epoch:3, index:30, G_Loss:0.0719792470336
2018-12-06 23:52:38,740 - netlog - INFO - epoch:3, index:40, G_Loss:0.0731942132115
2018-12-06 23:52:41,960 - netlog - INFO - epoch:3, index:50, G_Loss:0.0778792276978
2018-12-06 23:52:44,769 - netlog - INFO - epoch:3, index:60, G_Loss:0.0458173491061
2018-12-06 23:52:48,216 - netlog - INFO - epoch:3, index:70, G_Loss:0.0495728962123
2018-12-06 23:52:50,676 - netlog - INFO - epoch:3, index:80, G_Loss:0.0542461387813
2018-12-06 23:52:53,560 - netlog - INFO - epoch:3, index:90, G_Loss:0.0402917526662
2018-12-06 23:52:57,064 - netlog - INFO - epoch:3, index:100, G_Loss:0.0675734654069
2018-12-06 23:52:59,453 - netlog - INFO - epoch:3, index:110, G_Loss:0.0487796328962
2018-12-06 23:53:03,306 - netlog - INFO - epoch:3, index:120, G_Loss:0.0600390173495
2018-12-06 23:53:05,869 - netlog - INFO - epoch:3, index:130, G_Loss:0.0562755614519
2018-12-06 23:53:08,154 - netlog - INFO - epoch:3, index:140, G_Loss:0.0390316471457
2018-12-06 23:53:12,198 - netlog - INFO - epoch:3, index:150, G_Loss:0.0618524588645
2018-12-06 23:53:14,061 - netlog - INFO - epoch:3, index:160, G_Loss:0.0638966038823
2018-12-06 23:53:18,415 - netlog - INFO - epoch:3, index:170, G_Loss:0.0403429754078
2018-12-06 23:53:20,750 - netlog - INFO - epoch:3, index:180, G_Loss:0.0788239315152
2018-12-06 23:53:23,502 - netlog - INFO - epoch:3, index:190, G_Loss:0.0525731854141
2018-12-06 23:53:26,311 - netlog - INFO - epoch:3, index:200, G_Loss:0.0351533889771
2018-12-06 23:53:30,833 - netlog - INFO - epoch:3, index:210, G_Loss:0.0571656264365
2018-12-06 23:53:33,211 - netlog - INFO - epoch:3, index:220, G_Loss:0.0729954466224
2018-12-06 23:53:35,203 - netlog - INFO - epoch:3, index:230, G_Loss:0.0478752888739
2018-12-06 23:53:38,259 - netlog - INFO - epoch:3, index:240, G_Loss:0.0580898784101
2018-12-06 23:53:41,757 - netlog - INFO - epoch:3, index:250, G_Loss:0.0360665731132
2018-12-06 23:53:45,161 - netlog - INFO - epoch:3, index:260, G_Loss:0.077096439898
2018-12-06 23:53:47,328 - netlog - INFO - epoch:3, index:270, G_Loss:0.041678596288
2018-12-06 23:53:50,072 - netlog - INFO - epoch:3, index:280, G_Loss:0.0641451999545
2018-12-06 23:53:52,927 - netlog - INFO - epoch:3, index:290, G_Loss:0.0600073821843
2018-12-06 23:53:55,759 - netlog - INFO - epoch:3, index:300, G_Loss:0.0707000568509
2018-12-06 23:53:59,329 - netlog - INFO - epoch:3, index:310, G_Loss:0.053887501359
2018-12-06 23:54:01,730 - netlog - INFO - epoch:3, index:320, G_Loss:0.0371377505362
2018-12-06 23:54:06,912 - netlog - INFO - epoch:3, index:330, G_Loss:0.0423271842301
2018-12-06 23:54:09,541 - netlog - INFO - epoch:3, index:340, G_Loss:0.0452936552465
2018-12-06 23:54:12,763 - netlog - INFO - epoch:3, index:350, G_Loss:0.0313346944749
2018-12-06 23:54:15,357 - netlog - INFO - epoch:3, index:360, G_Loss:0.100937016308
2018-12-06 23:54:18,253 - netlog - INFO - epoch:3, index:370, G_Loss:0.0493183769286
2018-12-06 23:54:22,159 - netlog - INFO - epoch:3, index:380, G_Loss:0.0684416666627
2018-12-06 23:54:24,569 - netlog - INFO - epoch:3, index:390, G_Loss:0.0873689353466
2018-12-06 23:54:27,232 - netlog - INFO - epoch:3, index:400, G_Loss:0.0508037917316
2018-12-06 23:54:30,833 - netlog - INFO - epoch:3, index:410, G_Loss:0.0608332045376
2018-12-06 23:54:33,142 - netlog - INFO - epoch:3, index:420, G_Loss:0.0601598061621
2018-12-06 23:54:37,319 - netlog - INFO - epoch:3, index:430, G_Loss:0.0582877397537
2018-12-06 23:54:40,159 - netlog - INFO - epoch:3, index:440, G_Loss:0.0635338425636
2018-12-06 23:54:42,741 - netlog - INFO - epoch:3, index:450, G_Loss:0.0384971760213
2018-12-06 23:54:45,520 - netlog - INFO - epoch:3, index:460, G_Loss:0.0613865815103
2018-12-06 23:54:49,051 - netlog - INFO - epoch:3, index:470, G_Loss:0.0569152086973
2018-12-06 23:54:53,347 - netlog - INFO - epoch:3, index:480, G_Loss:0.0371761918068
2018-12-06 23:54:56,034 - netlog - INFO - epoch:3, index:490, G_Loss:0.0475423745811
2018-12-06 23:54:59,078 - netlog - INFO - epoch:3, index:500, G_Loss:0.055829975754
2018-12-06 23:55:01,615 - netlog - INFO - epoch:3, index:510, G_Loss:0.0440250039101
2018-12-06 23:55:05,608 - netlog - INFO - epoch:3, index:520, G_Loss:0.0347554162145
2018-12-06 23:55:08,086 - netlog - INFO - epoch:3, index:530, G_Loss:0.0619044713676
2018-12-06 23:55:12,098 - netlog - INFO - epoch:3, index:540, G_Loss:0.0715204775333
2018-12-06 23:55:16,143 - netlog - INFO - epoch:3, index:550, G_Loss:0.0448117516935
2018-12-06 23:55:19,226 - netlog - INFO - epoch:3, index:560, G_Loss:0.0362922176719
2018-12-06 23:55:22,347 - netlog - INFO - epoch:3, index:570, G_Loss:0.0466851703823
2018-12-06 23:55:25,033 - netlog - INFO - epoch:3, index:580, G_Loss:0.0479550473392
2018-12-06 23:55:28,908 - netlog - INFO - epoch:3, index:590, G_Loss:0.0606297887862
2018-12-06 23:55:32,400 - netlog - INFO - epoch:3, index:600, G_Loss:0.0592360049486
2018-12-06 23:55:35,337 - netlog - INFO - epoch:3, index:610, G_Loss:0.059884082526
2018-12-06 23:55:39,626 - netlog - INFO - epoch:3, index:620, G_Loss:0.0527545027435
2018-12-06 23:55:43,083 - netlog - INFO - epoch:3, index:630, G_Loss:0.0799966678023
2018-12-06 23:55:47,078 - netlog - INFO - epoch:3, index:640, G_Loss:0.0600503236055
2018-12-06 23:55:49,638 - netlog - INFO - epoch:3, index:650, G_Loss:0.0488120466471
2018-12-06 23:55:52,090 - netlog - INFO - epoch:3, index:660, G_Loss:0.0474172271788
2018-12-06 23:55:55,079 - netlog - INFO - epoch:3, index:670, G_Loss:0.0404896885157
2018-12-06 23:55:58,067 - netlog - INFO - epoch:3, index:680, G_Loss:0.0659027099609
2018-12-06 23:56:01,010 - netlog - INFO - epoch:3, index:690, G_Loss:0.0541085153818
2018-12-06 23:56:04,521 - netlog - INFO - epoch:3, index:700, G_Loss:0.0387449674308
2018-12-06 23:56:08,168 - netlog - INFO - epoch:3, index:710, G_Loss:0.0352977067232
2018-12-06 23:56:11,898 - netlog - INFO - epoch:3, index:720, G_Loss:0.0572204291821
2018-12-06 23:56:15,167 - netlog - INFO - epoch:3, index:730, G_Loss:0.0474972426891
2018-12-06 23:56:18,273 - netlog - INFO - epoch:3, index:740, G_Loss:0.0595510266721
2018-12-06 23:56:21,728 - netlog - INFO - epoch:3, index:750, G_Loss:0.0549848116934
2018-12-06 23:56:25,427 - netlog - INFO - epoch:3, index:760, G_Loss:0.0435304157436
2018-12-06 23:56:28,238 - netlog - INFO - epoch:3, index:770, G_Loss:0.0323865115643
2018-12-06 23:56:31,844 - netlog - INFO - epoch:3, index:780, G_Loss:0.0331191942096
2018-12-06 23:56:36,835 - netlog - INFO - epoch:3, index:790, G_Loss:0.0762128680944
2018-12-06 23:56:40,121 - netlog - INFO - epoch:3, index:800, G_Loss:0.0596610493958
2018-12-06 23:56:43,154 - netlog - INFO - epoch:3, index:810, G_Loss:0.0333101525903
2018-12-06 23:56:46,099 - netlog - INFO - epoch:3, index:820, G_Loss:0.068531230092
2018-12-06 23:56:49,707 - netlog - INFO - epoch:3, index:830, G_Loss:0.0699817016721
2018-12-06 23:56:52,900 - netlog - INFO - epoch:3, index:840, G_Loss:0.0509228669107
2018-12-06 23:56:57,150 - netlog - INFO - epoch:3, index:850, G_Loss:0.0634446516633
2018-12-06 23:56:59,816 - netlog - INFO - epoch:3, index:860, G_Loss:0.0611771307886
2018-12-06 23:57:02,392 - netlog - INFO - epoch:3, index:870, G_Loss:0.0466118939221
2018-12-06 23:57:06,133 - netlog - INFO - epoch:3, index:880, G_Loss:0.0439161546528
2018-12-06 23:57:09,655 - netlog - INFO - epoch:3, index:890, G_Loss:0.105979830027
2018-12-06 23:57:13,016 - netlog - INFO - epoch:3, index:900, G_Loss:0.0676674023271
2018-12-06 23:57:16,632 - netlog - INFO - epoch:3, index:910, G_Loss:0.0426974706352
2018-12-06 23:57:20,152 - netlog - INFO - epoch:3, index:920, G_Loss:0.0505321584642
2018-12-06 23:57:23,175 - netlog - INFO - epoch:3, index:930, G_Loss:0.0703941062093
2018-12-06 23:57:26,697 - netlog - INFO - epoch:3, index:940, G_Loss:0.0789326652884
2018-12-06 23:57:30,945 - netlog - INFO - epoch:3, index:950, G_Loss:0.050171520561
2018-12-06 23:57:35,364 - netlog - INFO - epoch:3, index:960, G_Loss:0.0545544736087
2018-12-06 23:57:38,460 - netlog - INFO - epoch:3, index:970, G_Loss:0.0488674156368
2018-12-06 23:57:41,517 - netlog - INFO - epoch:3, index:980, G_Loss:0.0467653013766
2018-12-06 23:57:44,620 - netlog - INFO - epoch:3, index:990, G_Loss:0.0387160144746
2018-12-06 23:57:47,453 - netlog - INFO - epoch:3, index:1000, G_Loss:0.0424873791635
2018-12-06 23:57:48,665 - netlog - INFO - Start Validation
2018-12-06 23:57:51,586 - netlog - INFO - epoch:4, index:0, G_Loss:0.0502562858164
2018-12-06 23:57:54,006 - netlog - INFO - epoch:4, index:10, G_Loss:0.0513403117657
2018-12-06 23:57:57,782 - netlog - INFO - epoch:4, index:20, G_Loss:0.0612761192024
2018-12-06 23:58:00,516 - netlog - INFO - epoch:4, index:30, G_Loss:0.0515578873456
2018-12-06 23:58:03,679 - netlog - INFO - epoch:4, index:40, G_Loss:0.0496120750904
2018-12-06 23:58:06,891 - netlog - INFO - epoch:4, index:50, G_Loss:0.0582830347121
2018-12-06 23:58:09,503 - netlog - INFO - epoch:4, index:60, G_Loss:0.0310982838273
2018-12-06 23:58:11,809 - netlog - INFO - epoch:4, index:70, G_Loss:0.089669406414
2018-12-06 23:58:14,843 - netlog - INFO - epoch:4, index:80, G_Loss:0.0819990560412
2018-12-06 23:58:18,531 - netlog - INFO - epoch:4, index:90, G_Loss:0.0595533587039
2018-12-06 23:58:22,531 - netlog - INFO - epoch:4, index:100, G_Loss:0.0607265643775
2018-12-06 23:58:26,964 - netlog - INFO - epoch:4, index:110, G_Loss:0.0624687261879
2018-12-06 23:58:29,197 - netlog - INFO - epoch:4, index:120, G_Loss:0.0636679083109
2018-12-06 23:58:33,509 - netlog - INFO - epoch:4, index:130, G_Loss:0.0751659199595
2018-12-06 23:58:35,766 - netlog - INFO - epoch:4, index:140, G_Loss:0.0720669403672
2018-12-06 23:58:39,183 - netlog - INFO - epoch:4, index:150, G_Loss:0.0807145386934
2018-12-06 23:58:42,273 - netlog - INFO - epoch:4, index:160, G_Loss:0.0668619200587
2018-12-06 23:58:45,202 - netlog - INFO - epoch:4, index:170, G_Loss:0.0525588355958
2018-12-06 23:58:47,766 - netlog - INFO - epoch:4, index:180, G_Loss:0.0644169077277
2018-12-06 23:58:51,135 - netlog - INFO - epoch:4, index:190, G_Loss:0.0331222526729
2018-12-06 23:58:54,388 - netlog - INFO - epoch:4, index:200, G_Loss:0.0673779919744
2018-12-06 23:58:56,429 - netlog - INFO - epoch:4, index:210, G_Loss:0.0671398565173
2018-12-06 23:59:00,069 - netlog - INFO - epoch:4, index:220, G_Loss:0.035039562732
2018-12-06 23:59:02,510 - netlog - INFO - epoch:4, index:230, G_Loss:0.0812000408769
2018-12-06 23:59:06,092 - netlog - INFO - epoch:4, index:240, G_Loss:0.0458507500589
2018-12-06 23:59:08,350 - netlog - INFO - epoch:4, index:250, G_Loss:0.0698468908668
2018-12-06 23:59:10,995 - netlog - INFO - epoch:4, index:260, G_Loss:0.04980808869
2018-12-06 23:59:14,949 - netlog - INFO - epoch:4, index:270, G_Loss:0.0639567002654
2018-12-06 23:59:18,659 - netlog - INFO - epoch:4, index:280, G_Loss:0.0473387204111
2018-12-06 23:59:21,927 - netlog - INFO - epoch:4, index:290, G_Loss:0.066962338984
2018-12-06 23:59:24,836 - netlog - INFO - epoch:4, index:300, G_Loss:0.0673571005464
2018-12-06 23:59:27,861 - netlog - INFO - epoch:4, index:310, G_Loss:0.0313227884471
2018-12-06 23:59:31,517 - netlog - INFO - epoch:4, index:320, G_Loss:0.0470713227987
2018-12-06 23:59:34,690 - netlog - INFO - epoch:4, index:330, G_Loss:0.0705856159329
2018-12-06 23:59:38,606 - netlog - INFO - epoch:4, index:340, G_Loss:0.0552555434406
2018-12-06 23:59:41,427 - netlog - INFO - epoch:4, index:350, G_Loss:0.0436813421547
2018-12-06 23:59:45,185 - netlog - INFO - epoch:4, index:360, G_Loss:0.0585916601121
2018-12-06 23:59:49,255 - netlog - INFO - epoch:4, index:370, G_Loss:0.0692193880677
2018-12-06 23:59:52,097 - netlog - INFO - epoch:4, index:380, G_Loss:0.0710459575057
2018-12-06 23:59:56,346 - netlog - INFO - epoch:4, index:390, G_Loss:0.0547252297401
2018-12-06 23:59:59,911 - netlog - INFO - epoch:4, index:400, G_Loss:0.0432977341115
2018-12-07 00:00:02,341 - netlog - INFO - epoch:4, index:410, G_Loss:0.0428705960512
2018-12-07 00:00:04,919 - netlog - INFO - epoch:4, index:420, G_Loss:0.0454325973988
2018-12-07 00:00:07,902 - netlog - INFO - epoch:4, index:430, G_Loss:0.0322344005108
2018-12-07 00:00:11,249 - netlog - INFO - epoch:4, index:440, G_Loss:0.049819752574
2018-12-07 00:00:13,579 - netlog - INFO - epoch:4, index:450, G_Loss:0.0760670527816
2018-12-07 00:00:15,651 - netlog - INFO - epoch:4, index:460, G_Loss:0.0779007896781
2018-12-07 00:00:20,030 - netlog - INFO - epoch:4, index:470, G_Loss:0.0653421655297
2018-12-07 00:00:23,173 - netlog - INFO - epoch:4, index:480, G_Loss:0.0441733933985
2018-12-07 00:00:26,418 - netlog - INFO - epoch:4, index:490, G_Loss:0.0572260729969
2018-12-07 00:00:30,191 - netlog - INFO - epoch:4, index:500, G_Loss:0.0528611280024
2018-12-07 00:00:34,626 - netlog - INFO - epoch:4, index:510, G_Loss:0.0434482991695
2018-12-07 00:00:36,193 - netlog - INFO - epoch:4, index:520, G_Loss:0.0999277755618
2018-12-07 00:00:39,147 - netlog - INFO - epoch:4, index:530, G_Loss:0.0541894473135
2018-12-07 00:00:43,825 - netlog - INFO - epoch:4, index:540, G_Loss:0.0394954942167
2018-12-07 00:00:47,238 - netlog - INFO - epoch:4, index:550, G_Loss:0.0508715771139
2018-12-07 00:00:50,618 - netlog - INFO - epoch:4, index:560, G_Loss:0.0440713316202
2018-12-07 00:00:54,333 - netlog - INFO - epoch:4, index:570, G_Loss:0.0324274487793
2018-12-07 00:00:58,245 - netlog - INFO - epoch:4, index:580, G_Loss:0.0457326471806
2018-12-07 00:01:00,195 - netlog - INFO - epoch:4, index:590, G_Loss:0.071590565145
2018-12-07 00:01:04,453 - netlog - INFO - epoch:4, index:600, G_Loss:0.0618069879711
2018-12-07 00:01:08,249 - netlog - INFO - epoch:4, index:610, G_Loss:0.0385826714337
2018-12-07 00:01:12,388 - netlog - INFO - epoch:4, index:620, G_Loss:0.0875641107559
2018-12-07 00:01:14,343 - netlog - INFO - epoch:4, index:630, G_Loss:0.0951409563422
2018-12-07 00:01:16,207 - netlog - INFO - epoch:4, index:640, G_Loss:0.0546178258955
2018-12-07 00:01:20,175 - netlog - INFO - epoch:4, index:650, G_Loss:0.0501167476177
2018-12-07 00:01:24,271 - netlog - INFO - epoch:4, index:660, G_Loss:0.0399742685258
2018-12-07 00:01:27,990 - netlog - INFO - epoch:4, index:670, G_Loss:0.0521980114281
2018-12-07 00:01:29,369 - netlog - INFO - epoch:4, index:680, G_Loss:0.0622061192989
2018-12-07 00:01:32,389 - netlog - INFO - epoch:4, index:690, G_Loss:0.166515484452
2018-12-07 00:01:36,632 - netlog - INFO - epoch:4, index:700, G_Loss:0.0448815077543
2018-12-07 00:01:39,488 - netlog - INFO - epoch:4, index:710, G_Loss:0.0591512918472
2018-12-07 00:01:42,731 - netlog - INFO - epoch:4, index:720, G_Loss:0.0538158528507
2018-12-07 00:01:45,750 - netlog - INFO - epoch:4, index:730, G_Loss:0.0617519132793
2018-12-07 00:01:49,603 - netlog - INFO - epoch:4, index:740, G_Loss:0.0425392799079
2018-12-07 00:01:51,734 - netlog - INFO - epoch:4, index:750, G_Loss:0.044546123594
2018-12-07 00:01:56,180 - netlog - INFO - epoch:4, index:760, G_Loss:0.162236958742
2018-12-07 00:01:59,545 - netlog - INFO - epoch:4, index:770, G_Loss:0.0733515918255
2018-12-07 00:02:03,101 - netlog - INFO - epoch:4, index:780, G_Loss:0.0537841469049
2018-12-07 00:02:06,139 - netlog - INFO - epoch:4, index:790, G_Loss:0.0610247142613
2018-12-07 00:02:09,436 - netlog - INFO - epoch:4, index:800, G_Loss:0.0512198545039
2018-12-07 00:02:12,824 - netlog - INFO - epoch:4, index:810, G_Loss:0.0488948784769
2018-12-07 00:02:16,538 - netlog - INFO - epoch:4, index:820, G_Loss:0.0333993732929
2018-12-07 00:02:19,539 - netlog - INFO - epoch:4, index:830, G_Loss:0.0617936365306
2018-12-07 00:02:22,698 - netlog - INFO - epoch:4, index:840, G_Loss:0.0356222204864
2018-12-07 00:02:26,985 - netlog - INFO - epoch:4, index:850, G_Loss:0.0620678476989
2018-12-07 00:02:30,452 - netlog - INFO - epoch:4, index:860, G_Loss:0.0758409798145
2018-12-07 00:02:33,018 - netlog - INFO - epoch:4, index:870, G_Loss:0.0625674128532
2018-12-07 00:02:35,463 - netlog - INFO - epoch:4, index:880, G_Loss:0.0907787084579
2018-12-07 00:02:39,717 - netlog - INFO - epoch:4, index:890, G_Loss:0.0739465504885
2018-12-07 00:02:42,011 - netlog - INFO - epoch:4, index:900, G_Loss:0.0622985325754
2018-12-07 00:02:46,367 - netlog - INFO - epoch:4, index:910, G_Loss:0.0566028989851
2018-12-07 00:02:50,343 - netlog - INFO - epoch:4, index:920, G_Loss:0.0553848445415
2018-12-07 00:02:52,821 - netlog - INFO - epoch:4, index:930, G_Loss:0.0614677071571
2018-12-07 00:02:55,420 - netlog - INFO - epoch:4, index:940, G_Loss:0.0421619415283
2018-12-07 00:02:57,284 - netlog - INFO - epoch:4, index:950, G_Loss:0.0378477722406
2018-12-07 00:03:01,120 - netlog - INFO - epoch:4, index:960, G_Loss:0.0389114357531
2018-12-07 00:03:04,700 - netlog - INFO - epoch:4, index:970, G_Loss:0.0675255134702
2018-12-07 00:03:07,919 - netlog - INFO - epoch:4, index:980, G_Loss:0.04557601735
2018-12-07 00:03:11,055 - netlog - INFO - epoch:4, index:990, G_Loss:0.0345899872482
2018-12-07 00:03:13,798 - netlog - INFO - epoch:4, index:1000, G_Loss:0.0388194397092
2018-12-07 00:03:15,610 - netlog - INFO - Start Validation
2018-12-07 00:03:18,563 - netlog - INFO - epoch:5, index:0, G_Loss:0.0475350432098
2018-12-07 00:03:20,907 - netlog - INFO - epoch:5, index:10, G_Loss:0.0541752912104
2018-12-07 00:03:25,053 - netlog - INFO - epoch:5, index:20, G_Loss:0.0566794127226
2018-12-07 00:03:26,867 - netlog - INFO - epoch:5, index:30, G_Loss:0.0642440840602
2018-12-07 00:03:30,802 - netlog - INFO - epoch:5, index:40, G_Loss:0.0519056878984
2018-12-07 00:03:36,104 - netlog - INFO - epoch:5, index:50, G_Loss:0.0346820726991
2018-12-07 00:03:39,357 - netlog - INFO - epoch:5, index:60, G_Loss:0.0458649992943
2018-12-07 00:03:42,495 - netlog - INFO - epoch:5, index:70, G_Loss:0.0454226434231
2018-12-07 00:03:45,258 - netlog - INFO - epoch:5, index:80, G_Loss:0.0397051014006
2018-12-07 00:03:48,818 - netlog - INFO - epoch:5, index:90, G_Loss:0.0367315411568
2018-12-07 00:03:52,275 - netlog - INFO - epoch:5, index:100, G_Loss:0.0422517210245
2018-12-07 00:03:56,662 - netlog - INFO - epoch:5, index:110, G_Loss:0.0539951138198
2018-12-07 00:03:59,607 - netlog - INFO - epoch:5, index:120, G_Loss:0.0642909929156
2018-12-07 00:04:02,291 - netlog - INFO - epoch:5, index:130, G_Loss:0.0326250307262
2018-12-07 00:04:05,007 - netlog - INFO - epoch:5, index:140, G_Loss:0.0668663233519
2018-12-07 00:04:08,381 - netlog - INFO - epoch:5, index:150, G_Loss:0.055525586009
2018-12-07 00:04:11,244 - netlog - INFO - epoch:5, index:160, G_Loss:0.0605559945107
2018-12-07 00:04:14,802 - netlog - INFO - epoch:5, index:170, G_Loss:0.053412899375
2018-12-07 00:04:18,466 - netlog - INFO - epoch:5, index:180, G_Loss:0.0407459326088
2018-12-07 00:04:20,852 - netlog - INFO - epoch:5, index:190, G_Loss:0.0453910827637
2018-12-07 00:04:23,678 - netlog - INFO - epoch:5, index:200, G_Loss:0.0386236049235
2018-12-07 00:04:27,007 - netlog - INFO - epoch:5, index:210, G_Loss:0.0667640939355
2018-12-07 00:04:30,838 - netlog - INFO - epoch:5, index:220, G_Loss:0.0354860201478
2018-12-07 00:04:34,054 - netlog - INFO - epoch:5, index:230, G_Loss:0.0774477794766
2018-12-07 00:04:37,704 - netlog - INFO - epoch:5, index:240, G_Loss:0.0671134591103
2018-12-07 00:04:40,632 - netlog - INFO - epoch:5, index:250, G_Loss:0.0260521396995
2018-12-07 00:04:44,049 - netlog - INFO - epoch:5, index:260, G_Loss:0.0459065586329
2018-12-07 00:04:46,286 - netlog - INFO - epoch:5, index:270, G_Loss:0.0479758940637
2018-12-07 00:04:49,507 - netlog - INFO - epoch:5, index:280, G_Loss:0.078645221889
2018-12-07 00:04:53,872 - netlog - INFO - epoch:5, index:290, G_Loss:0.0365879200399
2018-12-07 00:04:55,486 - netlog - INFO - epoch:5, index:300, G_Loss:0.055664177984
2018-12-07 00:04:59,787 - netlog - INFO - epoch:5, index:310, G_Loss:0.0572633929551
2018-12-07 00:05:02,496 - netlog - INFO - epoch:5, index:320, G_Loss:0.0474768765271
2018-12-07 00:05:05,872 - netlog - INFO - epoch:5, index:330, G_Loss:0.0527201257646
2018-12-07 00:05:09,035 - netlog - INFO - epoch:5, index:340, G_Loss:0.0743618384004
2018-12-07 00:05:12,008 - netlog - INFO - epoch:5, index:350, G_Loss:0.0499217510223
2018-12-07 00:05:16,019 - netlog - INFO - epoch:5, index:360, G_Loss:0.0484742969275
2018-12-07 00:05:18,463 - netlog - INFO - epoch:5, index:370, G_Loss:0.0350666902959
2018-12-07 00:05:22,025 - netlog - INFO - epoch:5, index:380, G_Loss:0.0807807296515
2018-12-07 00:05:24,856 - netlog - INFO - epoch:5, index:390, G_Loss:0.0626147538424
2018-12-07 00:05:28,924 - netlog - INFO - epoch:5, index:400, G_Loss:0.0325743667781
2018-12-07 00:05:31,436 - netlog - INFO - epoch:5, index:410, G_Loss:0.0383312813938
2018-12-07 00:05:34,581 - netlog - INFO - epoch:5, index:420, G_Loss:0.14793266356
2018-12-07 00:05:39,242 - netlog - INFO - epoch:5, index:430, G_Loss:0.0595650374889
2018-12-07 00:05:41,650 - netlog - INFO - epoch:5, index:440, G_Loss:0.0495978929102
2018-12-07 00:05:45,570 - netlog - INFO - epoch:5, index:450, G_Loss:0.0587082840502
2018-12-07 00:05:48,866 - netlog - INFO - epoch:5, index:460, G_Loss:0.0376864671707
2018-12-07 00:05:51,279 - netlog - INFO - epoch:5, index:470, G_Loss:0.0743216052651
2018-12-07 00:05:53,453 - netlog - INFO - epoch:5, index:480, G_Loss:0.0586241744459
2018-12-07 00:05:56,638 - netlog - INFO - epoch:5, index:490, G_Loss:0.0508817993104
2018-12-07 00:05:59,608 - netlog - INFO - epoch:5, index:500, G_Loss:0.0440233908594
2018-12-07 00:06:03,889 - netlog - INFO - epoch:5, index:510, G_Loss:0.0484676249325
2018-12-07 00:06:06,741 - netlog - INFO - epoch:5, index:520, G_Loss:0.0512688048184
2018-12-07 00:06:09,323 - netlog - INFO - epoch:5, index:530, G_Loss:0.0579060167074
2018-12-07 00:06:12,486 - netlog - INFO - epoch:5, index:540, G_Loss:0.0637397691607
2018-12-07 00:06:15,754 - netlog - INFO - epoch:5, index:550, G_Loss:0.0534427724779
2018-12-07 00:06:19,146 - netlog - INFO - epoch:5, index:560, G_Loss:0.0305959936231
2018-12-07 00:06:23,711 - netlog - INFO - epoch:5, index:570, G_Loss:0.035844810307
2018-12-07 00:06:27,445 - netlog - INFO - epoch:5, index:580, G_Loss:0.0578592717648
2018-12-07 00:06:31,187 - netlog - INFO - epoch:5, index:590, G_Loss:0.048049595207
2018-12-07 00:06:34,607 - netlog - INFO - epoch:5, index:600, G_Loss:0.069313377142
2018-12-07 00:06:37,937 - netlog - INFO - epoch:5, index:610, G_Loss:0.0547888576984
2018-12-07 00:06:40,507 - netlog - INFO - epoch:5, index:620, G_Loss:0.0744692459702
2018-12-07 00:06:45,633 - netlog - INFO - epoch:5, index:630, G_Loss:0.0402675829828
2018-12-07 00:06:47,194 - netlog - INFO - epoch:5, index:640, G_Loss:0.0571741275489
2018-12-07 00:06:50,209 - netlog - INFO - epoch:5, index:650, G_Loss:0.0541896335781
2018-12-07 00:06:53,958 - netlog - INFO - epoch:5, index:660, G_Loss:0.038252029568
2018-12-07 00:06:56,526 - netlog - INFO - epoch:5, index:670, G_Loss:0.0385008119047
2018-12-07 00:07:00,061 - netlog - INFO - epoch:5, index:680, G_Loss:0.0923200026155
2018-12-07 00:07:02,377 - netlog - INFO - epoch:5, index:690, G_Loss:0.0708315521479
2018-12-07 00:07:06,243 - netlog - INFO - epoch:5, index:700, G_Loss:0.0528946816921
2018-12-07 00:07:08,980 - netlog - INFO - epoch:5, index:710, G_Loss:0.0482828766108
2018-12-07 00:07:11,801 - netlog - INFO - epoch:5, index:720, G_Loss:0.0317904129624
2018-12-07 00:07:14,710 - netlog - INFO - epoch:5, index:730, G_Loss:0.0532492958009
2018-12-07 00:07:18,278 - netlog - INFO - epoch:5, index:740, G_Loss:0.0725629553199
2018-12-07 00:07:22,246 - netlog - INFO - epoch:5, index:750, G_Loss:0.0448688901961
2018-12-07 00:07:25,563 - netlog - INFO - epoch:5, index:760, G_Loss:0.0690119117498
2018-12-07 00:07:27,996 - netlog - INFO - epoch:5, index:770, G_Loss:0.0349924638867
2018-12-07 00:07:31,886 - netlog - INFO - epoch:5, index:780, G_Loss:0.0346522815526
2018-12-07 00:07:35,449 - netlog - INFO - epoch:5, index:790, G_Loss:0.028183914721
2018-12-07 00:07:38,636 - netlog - INFO - epoch:5, index:800, G_Loss:0.0713467895985
2018-12-07 00:07:41,919 - netlog - INFO - epoch:5, index:810, G_Loss:0.0613393187523
2018-12-07 00:07:44,170 - netlog - INFO - epoch:5, index:820, G_Loss:0.0465126186609
2018-12-07 00:07:47,967 - netlog - INFO - epoch:5, index:830, G_Loss:0.0707745105028
2018-12-07 00:07:51,244 - netlog - INFO - epoch:5, index:840, G_Loss:0.0738998502493
2018-12-07 00:07:55,415 - netlog - INFO - epoch:5, index:850, G_Loss:0.0907781496644
2018-12-07 00:07:58,488 - netlog - INFO - epoch:5, index:860, G_Loss:0.0750603750348
2018-12-07 00:08:02,466 - netlog - INFO - epoch:5, index:870, G_Loss:0.094765484333
2018-12-07 00:08:04,141 - netlog - INFO - epoch:5, index:880, G_Loss:0.0543714500964
2018-12-07 00:08:08,238 - netlog - INFO - epoch:5, index:890, G_Loss:0.0455949902534
2018-12-07 00:08:10,791 - netlog - INFO - epoch:5, index:900, G_Loss:0.0394585542381
2018-12-07 00:08:15,162 - netlog - INFO - epoch:5, index:910, G_Loss:0.0526162385941
2018-12-07 00:08:18,231 - netlog - INFO - epoch:5, index:920, G_Loss:0.0564974881709
2018-12-07 00:08:21,826 - netlog - INFO - epoch:5, index:930, G_Loss:0.0483921431005
2018-12-07 00:08:24,741 - netlog - INFO - epoch:5, index:940, G_Loss:0.0785130485892
2018-12-07 00:08:27,508 - netlog - INFO - epoch:5, index:950, G_Loss:0.0723806545138
2018-12-07 00:08:30,407 - netlog - INFO - epoch:5, index:960, G_Loss:0.080974213779
2018-12-07 00:08:35,069 - netlog - INFO - epoch:5, index:970, G_Loss:0.0408715046942
2018-12-07 00:08:36,581 - netlog - INFO - epoch:5, index:980, G_Loss:0.0570769868791
2018-12-07 00:08:40,126 - netlog - INFO - epoch:5, index:990, G_Loss:0.0494589544833
2018-12-07 00:08:42,769 - netlog - INFO - epoch:5, index:1000, G_Loss:0.0744947642088
2018-12-07 00:08:44,294 - netlog - INFO - Start Validation
2018-12-07 00:08:46,263 - netlog - INFO - epoch:6, index:0, G_Loss:0.0760266259313
2018-12-07 00:08:49,772 - netlog - INFO - epoch:6, index:10, G_Loss:0.0444783456624
2018-12-07 00:08:53,786 - netlog - INFO - epoch:6, index:20, G_Loss:0.0293026566505
2018-12-07 00:08:58,479 - netlog - INFO - epoch:6, index:30, G_Loss:0.180308714509
2018-12-07 00:09:01,518 - netlog - INFO - epoch:6, index:40, G_Loss:0.0352850966156
2018-12-07 00:09:04,692 - netlog - INFO - epoch:6, index:50, G_Loss:0.0954476296902
2018-12-07 00:09:08,699 - netlog - INFO - epoch:6, index:60, G_Loss:0.0473710186779
2018-12-07 00:09:12,003 - netlog - INFO - epoch:6, index:70, G_Loss:0.0402529574931
2018-12-07 00:09:15,894 - netlog - INFO - epoch:6, index:80, G_Loss:0.0538477413356
2018-12-07 00:09:19,000 - netlog - INFO - epoch:6, index:90, G_Loss:0.0534982196987
2018-12-07 00:09:23,421 - netlog - INFO - epoch:6, index:100, G_Loss:0.0543115139008
2018-12-07 00:09:27,240 - netlog - INFO - epoch:6, index:110, G_Loss:0.0523648709059
2018-12-07 00:09:30,674 - netlog - INFO - epoch:6, index:120, G_Loss:0.0469077117741
2018-12-07 00:09:33,494 - netlog - INFO - epoch:6, index:130, G_Loss:0.0506206862628
2018-12-07 00:09:36,410 - netlog - INFO - epoch:6, index:140, G_Loss:0.0664027407765
2018-12-07 00:09:38,815 - netlog - INFO - epoch:6, index:150, G_Loss:0.0638756528497
2018-12-07 00:09:42,230 - netlog - INFO - epoch:6, index:160, G_Loss:0.0685042366385
2018-12-07 00:09:44,400 - netlog - INFO - epoch:6, index:170, G_Loss:0.0644663125277
2018-12-07 00:09:47,267 - netlog - INFO - epoch:6, index:180, G_Loss:0.0583959333599
2018-12-07 00:09:51,039 - netlog - INFO - epoch:6, index:190, G_Loss:0.0652726367116
2018-12-07 00:09:55,260 - netlog - INFO - epoch:6, index:200, G_Loss:0.0583488345146
2018-12-07 00:09:59,206 - netlog - INFO - epoch:6, index:210, G_Loss:0.0317943915725
2018-12-07 00:10:02,829 - netlog - INFO - epoch:6, index:220, G_Loss:0.0434610247612
2018-12-07 00:10:06,395 - netlog - INFO - epoch:6, index:230, G_Loss:0.0362115763128
2018-12-07 00:10:09,248 - netlog - INFO - epoch:6, index:240, G_Loss:0.0554414726794
2018-12-07 00:10:12,019 - netlog - INFO - epoch:6, index:250, G_Loss:0.0423362515867
2018-12-07 00:10:15,719 - netlog - INFO - epoch:6, index:260, G_Loss:0.023214623332
2018-12-07 00:10:19,431 - netlog - INFO - epoch:6, index:270, G_Loss:0.0867563709617
2018-12-07 00:10:22,315 - netlog - INFO - epoch:6, index:280, G_Loss:0.0531151592731
2018-12-07 00:10:25,075 - netlog - INFO - epoch:6, index:290, G_Loss:0.0427265800536
2018-12-07 00:10:28,514 - netlog - INFO - epoch:6, index:300, G_Loss:0.0482277162373
2018-12-07 00:10:32,106 - netlog - INFO - epoch:6, index:310, G_Loss:0.067584104836
2018-12-07 00:10:35,979 - netlog - INFO - epoch:6, index:320, G_Loss:0.0690665915608
2018-12-07 00:10:39,283 - netlog - INFO - epoch:6, index:330, G_Loss:0.0540372394025
2018-12-07 00:10:43,056 - netlog - INFO - epoch:6, index:340, G_Loss:0.0507629662752
2018-12-07 00:10:45,349 - netlog - INFO - epoch:6, index:350, G_Loss:0.0395076461136
2018-12-07 00:10:49,473 - netlog - INFO - epoch:6, index:360, G_Loss:0.124166615307
2018-12-07 00:10:52,117 - netlog - INFO - epoch:6, index:370, G_Loss:0.0751273855567
2018-12-07 00:10:56,675 - netlog - INFO - epoch:6, index:380, G_Loss:0.0399973653257
2018-12-07 00:10:59,183 - netlog - INFO - epoch:6, index:390, G_Loss:0.0671172514558
2018-12-07 00:11:02,922 - netlog - INFO - epoch:6, index:400, G_Loss:0.0382428355515
2018-12-07 00:11:05,499 - netlog - INFO - epoch:6, index:410, G_Loss:0.035819388926
2018-12-07 00:11:08,211 - netlog - INFO - epoch:6, index:420, G_Loss:0.0678003653884
2018-12-07 00:11:11,768 - netlog - INFO - epoch:6, index:430, G_Loss:0.0494539178908
2018-12-07 00:11:15,451 - netlog - INFO - epoch:6, index:440, G_Loss:0.0417517013848
2018-12-07 00:11:17,722 - netlog - INFO - epoch:6, index:450, G_Loss:0.0642106607556
2018-12-07 00:11:21,294 - netlog - INFO - epoch:6, index:460, G_Loss:0.0402799956501
2018-12-07 00:11:24,540 - netlog - INFO - epoch:6, index:470, G_Loss:0.0352474227548
2018-12-07 00:11:28,128 - netlog - INFO - epoch:6, index:480, G_Loss:0.0577984042466
2018-12-07 00:11:30,484 - netlog - INFO - epoch:6, index:490, G_Loss:0.0564458481967
2018-12-07 00:11:33,591 - netlog - INFO - epoch:6, index:500, G_Loss:0.0354522652924
2018-12-07 00:11:37,456 - netlog - INFO - epoch:6, index:510, G_Loss:0.0393409468234
2018-12-07 00:11:40,332 - netlog - INFO - epoch:6, index:520, G_Loss:0.0445687323809
2018-12-07 00:11:44,358 - netlog - INFO - epoch:6, index:530, G_Loss:0.061841506511
2018-12-07 00:11:48,661 - netlog - INFO - epoch:6, index:540, G_Loss:0.0532466284931
2018-12-07 00:11:51,758 - netlog - INFO - epoch:6, index:550, G_Loss:0.0520667694509
2018-12-07 00:11:54,561 - netlog - INFO - epoch:6, index:560, G_Loss:0.0472024790943
2018-12-07 00:11:57,842 - netlog - INFO - epoch:6, index:570, G_Loss:0.0463707745075
2018-12-07 00:12:00,511 - netlog - INFO - epoch:6, index:580, G_Loss:0.0517927445471
2018-12-07 00:12:03,555 - netlog - INFO - epoch:6, index:590, G_Loss:0.0436332635581
2018-12-07 00:12:07,369 - netlog - INFO - epoch:6, index:600, G_Loss:0.0762991905212
2018-12-07 00:12:09,404 - netlog - INFO - epoch:6, index:610, G_Loss:0.0368752516806
2018-12-07 00:12:12,714 - netlog - INFO - epoch:6, index:620, G_Loss:0.050609048456
2018-12-07 00:12:16,847 - netlog - INFO - epoch:6, index:630, G_Loss:0.0560755319893
2018-12-07 00:12:19,871 - netlog - INFO - epoch:6, index:640, G_Loss:0.0402824170887
2018-12-07 00:12:21,778 - netlog - INFO - epoch:6, index:650, G_Loss:0.0853845104575
2018-12-07 00:12:25,567 - netlog - INFO - epoch:6, index:660, G_Loss:0.0539624430239
2018-12-07 00:12:30,204 - netlog - INFO - epoch:6, index:670, G_Loss:0.0496915094554
2018-12-07 00:12:32,217 - netlog - INFO - epoch:6, index:680, G_Loss:0.0420564524829
2018-12-07 00:12:35,410 - netlog - INFO - epoch:6, index:690, G_Loss:0.0469308756292
2018-12-07 00:12:38,980 - netlog - INFO - epoch:6, index:700, G_Loss:0.0437849313021
2018-12-07 00:12:41,694 - netlog - INFO - epoch:6, index:710, G_Loss:0.0866849794984
2018-12-07 00:12:44,972 - netlog - INFO - epoch:6, index:720, G_Loss:0.0683955326676
2018-12-07 00:12:48,063 - netlog - INFO - epoch:6, index:730, G_Loss:0.07786565274
2018-12-07 00:12:52,737 - netlog - INFO - epoch:6, index:740, G_Loss:0.041351955384
2018-12-07 00:12:54,970 - netlog - INFO - epoch:6, index:750, G_Loss:0.0713422745466
2018-12-07 00:12:57,592 - netlog - INFO - epoch:6, index:760, G_Loss:0.0276474002749
2018-12-07 00:13:01,896 - netlog - INFO - epoch:6, index:770, G_Loss:0.0310307461768
2018-12-07 00:13:04,735 - netlog - INFO - epoch:6, index:780, G_Loss:0.0928158983588
2018-12-07 00:13:07,288 - netlog - INFO - epoch:6, index:790, G_Loss:0.0417335480452
2018-12-07 00:13:09,314 - netlog - INFO - epoch:6, index:800, G_Loss:0.0555195920169
2018-12-07 00:13:12,793 - netlog - INFO - epoch:6, index:810, G_Loss:0.0348944105208
2018-12-07 00:13:16,517 - netlog - INFO - epoch:6, index:820, G_Loss:0.0341248288751
2018-12-07 00:13:19,280 - netlog - INFO - epoch:6, index:830, G_Loss:0.0516151338816
2018-12-07 00:13:22,818 - netlog - INFO - epoch:6, index:840, G_Loss:0.0515706576407
2018-12-07 00:13:26,146 - netlog - INFO - epoch:6, index:850, G_Loss:0.073558665812
2018-12-07 00:13:29,106 - netlog - INFO - epoch:6, index:860, G_Loss:0.059473965317
2018-12-07 00:13:33,902 - netlog - INFO - epoch:6, index:870, G_Loss:0.0646570846438
2018-12-07 00:13:37,129 - netlog - INFO - epoch:6, index:880, G_Loss:0.0469836480916
2018-12-07 00:13:39,753 - netlog - INFO - epoch:6, index:890, G_Loss:0.0510511659086
2018-12-07 00:13:42,725 - netlog - INFO - epoch:6, index:900, G_Loss:0.0320302098989
2018-12-07 00:13:45,393 - netlog - INFO - epoch:6, index:910, G_Loss:0.0927029028535
2018-12-07 00:13:49,332 - netlog - INFO - epoch:6, index:920, G_Loss:0.0273506492376
2018-12-07 00:13:51,893 - netlog - INFO - epoch:6, index:930, G_Loss:0.035978987813
2018-12-07 00:13:54,691 - netlog - INFO - epoch:6, index:940, G_Loss:0.0326262377203
2018-12-07 00:13:58,100 - netlog - INFO - epoch:6, index:950, G_Loss:0.0861946716905
2018-12-07 00:14:01,759 - netlog - INFO - epoch:6, index:960, G_Loss:0.0502535961568
2018-12-07 00:14:05,090 - netlog - INFO - epoch:6, index:970, G_Loss:0.0351487584412
2018-12-07 00:14:08,251 - netlog - INFO - epoch:6, index:980, G_Loss:0.0622220076621
2018-12-07 00:14:11,434 - netlog - INFO - epoch:6, index:990, G_Loss:0.0787235870957
2018-12-07 00:14:14,616 - netlog - INFO - epoch:6, index:1000, G_Loss:0.0405843742192
2018-12-07 00:14:17,242 - netlog - INFO - Start Validation
2018-12-07 00:14:19,861 - netlog - INFO - epoch:7, index:0, G_Loss:0.0598369725049
2018-12-07 00:14:22,967 - netlog - INFO - epoch:7, index:10, G_Loss:0.0651433989406
2018-12-07 00:14:26,956 - netlog - INFO - epoch:7, index:20, G_Loss:0.0414816625416
2018-12-07 00:14:29,631 - netlog - INFO - epoch:7, index:30, G_Loss:0.0529653914273
2018-12-07 00:14:31,522 - netlog - INFO - epoch:7, index:40, G_Loss:0.0780254453421
2018-12-07 00:14:34,683 - netlog - INFO - epoch:7, index:50, G_Loss:0.0633849278092
2018-12-07 00:14:37,405 - netlog - INFO - epoch:7, index:60, G_Loss:0.0608544051647
2018-12-07 00:14:40,573 - netlog - INFO - epoch:7, index:70, G_Loss:0.0805077254772
2018-12-07 00:14:44,433 - netlog - INFO - epoch:7, index:80, G_Loss:0.0390618406236
2018-12-07 00:14:47,557 - netlog - INFO - epoch:7, index:90, G_Loss:0.0521787703037
2018-12-07 00:14:51,180 - netlog - INFO - epoch:7, index:100, G_Loss:0.0426068268716
2018-12-07 00:14:54,846 - netlog - INFO - epoch:7, index:110, G_Loss:0.0468707568944
2018-12-07 00:14:58,088 - netlog - INFO - epoch:7, index:120, G_Loss:0.0529243312776
2018-12-07 00:15:03,089 - netlog - INFO - epoch:7, index:130, G_Loss:0.042978361249
2018-12-07 00:15:05,078 - netlog - INFO - epoch:7, index:140, G_Loss:0.0235839784145
2018-12-07 00:15:08,354 - netlog - INFO - epoch:7, index:150, G_Loss:0.0317050032318
2018-12-07 00:15:11,188 - netlog - INFO - epoch:7, index:160, G_Loss:0.0685519725084
2018-12-07 00:15:14,520 - netlog - INFO - epoch:7, index:170, G_Loss:0.0612512789667
2018-12-07 00:15:18,464 - netlog - INFO - epoch:7, index:180, G_Loss:0.0805140435696
2018-12-07 00:15:24,338 - netlog - INFO - epoch:7, index:190, G_Loss:0.0347226560116
2018-12-07 00:15:26,630 - netlog - INFO - epoch:7, index:200, G_Loss:0.0657131448388
2018-12-07 00:15:29,900 - netlog - INFO - epoch:7, index:210, G_Loss:0.047348793596
2018-12-07 00:15:33,117 - netlog - INFO - epoch:7, index:220, G_Loss:0.0464112646878
2018-12-07 00:15:37,298 - netlog - INFO - epoch:7, index:230, G_Loss:0.0408287011087
2018-12-07 00:15:38,954 - netlog - INFO - epoch:7, index:240, G_Loss:0.0392254069448
2018-12-07 00:15:44,066 - netlog - INFO - epoch:7, index:250, G_Loss:0.0757818520069
2018-12-07 00:15:47,415 - netlog - INFO - epoch:7, index:260, G_Loss:0.0547694824636
2018-12-07 00:15:50,308 - netlog - INFO - epoch:7, index:270, G_Loss:0.0599786527455
2018-12-07 00:15:53,221 - netlog - INFO - epoch:7, index:280, G_Loss:0.0540249831975
2018-12-07 00:15:58,240 - netlog - INFO - epoch:7, index:290, G_Loss:0.0657381638885
2018-12-07 00:16:00,612 - netlog - INFO - epoch:7, index:300, G_Loss:0.0434480495751
2018-12-07 00:16:04,298 - netlog - INFO - epoch:7, index:310, G_Loss:0.0277544278651
2018-12-07 00:16:06,438 - netlog - INFO - epoch:7, index:320, G_Loss:0.0534013360739
2018-12-07 00:16:09,995 - netlog - INFO - epoch:7, index:330, G_Loss:0.0921264663339
2018-12-07 00:16:13,480 - netlog - INFO - epoch:7, index:340, G_Loss:0.0350249819458
2018-12-07 00:16:16,262 - netlog - INFO - epoch:7, index:350, G_Loss:0.0713376924396
2018-12-07 00:16:19,833 - netlog - INFO - epoch:7, index:360, G_Loss:0.0524918474257
2018-12-07 00:16:22,610 - netlog - INFO - epoch:7, index:370, G_Loss:0.0337149687111
2018-12-07 00:16:28,298 - netlog - INFO - epoch:7, index:380, G_Loss:0.0357483923435
2018-12-07 00:16:30,706 - netlog - INFO - epoch:7, index:390, G_Loss:0.0554439462721
2018-12-07 00:16:35,031 - netlog - INFO - epoch:7, index:400, G_Loss:0.0448328405619
2018-12-07 00:16:37,921 - netlog - INFO - epoch:7, index:410, G_Loss:0.0414501205087
2018-12-07 00:16:40,225 - netlog - INFO - epoch:7, index:420, G_Loss:0.0440567433834
2018-12-07 00:16:44,471 - netlog - INFO - epoch:7, index:430, G_Loss:0.0294989217073
2018-12-07 00:16:46,313 - netlog - INFO - epoch:7, index:440, G_Loss:0.0977524891496
2018-12-07 00:16:50,032 - netlog - INFO - epoch:7, index:450, G_Loss:0.0565950237215
2018-12-07 00:16:54,024 - netlog - INFO - epoch:7, index:460, G_Loss:0.0489882193506
2018-12-07 00:16:56,788 - netlog - INFO - epoch:7, index:470, G_Loss:0.0448743887246
2018-12-07 00:17:00,128 - netlog - INFO - epoch:7, index:480, G_Loss:0.0477694869041
2018-12-07 00:17:03,911 - netlog - INFO - epoch:7, index:490, G_Loss:0.0343432947993
2018-12-07 00:17:06,916 - netlog - INFO - epoch:7, index:500, G_Loss:0.0644220784307
2018-12-07 00:17:10,269 - netlog - INFO - epoch:7, index:510, G_Loss:0.0507343523204
2018-12-07 00:17:12,852 - netlog - INFO - epoch:7, index:520, G_Loss:0.0455082058907
2018-12-07 00:17:16,126 - netlog - INFO - epoch:7, index:530, G_Loss:0.034794408828
2018-12-07 00:17:19,506 - netlog - INFO - epoch:7, index:540, G_Loss:0.0460596978664
2018-12-07 00:17:22,154 - netlog - INFO - epoch:7, index:550, G_Loss:0.0441244877875
2018-12-07 00:17:25,094 - netlog - INFO - epoch:7, index:560, G_Loss:0.063964612782
2018-12-07 00:17:29,834 - netlog - INFO - epoch:7, index:570, G_Loss:0.0732851698995
2018-12-07 00:17:31,497 - netlog - INFO - epoch:7, index:580, G_Loss:0.0718903839588
2018-12-07 00:17:34,540 - netlog - INFO - epoch:7, index:590, G_Loss:0.0310899224132
2018-12-07 00:17:39,185 - netlog - INFO - epoch:7, index:600, G_Loss:0.0803150236607
2018-12-07 00:17:41,593 - netlog - INFO - epoch:7, index:610, G_Loss:0.0684780701995
2018-12-07 00:17:44,953 - netlog - INFO - epoch:7, index:620, G_Loss:0.0583193004131
2018-12-07 00:17:48,713 - netlog - INFO - epoch:7, index:630, G_Loss:0.0469555109739
2018-12-07 00:17:51,272 - netlog - INFO - epoch:7, index:640, G_Loss:0.111222006381
2018-12-07 00:17:53,900 - netlog - INFO - epoch:7, index:650, G_Loss:0.0843163728714
2018-12-07 00:17:57,633 - netlog - INFO - epoch:7, index:660, G_Loss:0.0421048402786
2018-12-07 00:18:01,529 - netlog - INFO - epoch:7, index:670, G_Loss:0.0524903051555
2018-12-07 00:18:03,620 - netlog - INFO - epoch:7, index:680, G_Loss:0.0668112635612
2018-12-07 00:18:06,664 - netlog - INFO - epoch:7, index:690, G_Loss:0.0726833045483
2018-12-07 00:18:09,749 - netlog - INFO - epoch:7, index:700, G_Loss:0.0420119129121
2018-12-07 00:18:13,659 - netlog - INFO - epoch:7, index:710, G_Loss:0.0491098575294
2018-12-07 00:18:16,539 - netlog - INFO - epoch:7, index:720, G_Loss:0.0469417721033
2018-12-07 00:18:19,947 - netlog - INFO - epoch:7, index:730, G_Loss:0.124450057745
2018-12-07 00:18:21,720 - netlog - INFO - epoch:7, index:740, G_Loss:0.0661547407508
2018-12-07 00:18:26,008 - netlog - INFO - epoch:7, index:750, G_Loss:0.0384674333036
2018-12-07 00:18:30,098 - netlog - INFO - epoch:7, index:760, G_Loss:0.0663137957454
2018-12-07 00:18:32,407 - netlog - INFO - epoch:7, index:770, G_Loss:0.0615338273346
2018-12-07 00:18:35,663 - netlog - INFO - epoch:7, index:780, G_Loss:0.0458302646875
2018-12-07 00:18:38,676 - netlog - INFO - epoch:7, index:790, G_Loss:0.0573118217289
2018-12-07 00:18:41,140 - netlog - INFO - epoch:7, index:800, G_Loss:0.0487513579428
2018-12-07 00:18:44,652 - netlog - INFO - epoch:7, index:810, G_Loss:0.0730207115412
2018-12-07 00:18:47,245 - netlog - INFO - epoch:7, index:820, G_Loss:0.0933470055461
2018-12-07 00:18:50,472 - netlog - INFO - epoch:7, index:830, G_Loss:0.0783616676927
2018-12-07 00:18:53,199 - netlog - INFO - epoch:7, index:840, G_Loss:0.0416780747473
2018-12-07 00:18:58,226 - netlog - INFO - epoch:7, index:850, G_Loss:0.0391834191978
2018-12-07 00:19:01,128 - netlog - INFO - epoch:7, index:860, G_Loss:0.0469545386732
2018-12-07 00:19:03,612 - netlog - INFO - epoch:7, index:870, G_Loss:0.0558620728552
2018-12-07 00:19:05,871 - netlog - INFO - epoch:7, index:880, G_Loss:0.100719220936
2018-12-07 00:19:09,009 - netlog - INFO - epoch:7, index:890, G_Loss:0.0524376630783
2018-12-07 00:19:12,198 - netlog - INFO - epoch:7, index:900, G_Loss:0.0422466956079
2018-12-07 00:19:15,190 - netlog - INFO - epoch:7, index:910, G_Loss:0.0447948724031
2018-12-07 00:19:18,242 - netlog - INFO - epoch:7, index:920, G_Loss:0.0633684918284
2018-12-07 00:19:22,443 - netlog - INFO - epoch:7, index:930, G_Loss:0.0436225496233
2018-12-07 00:19:24,734 - netlog - INFO - epoch:7, index:940, G_Loss:0.040404137224
2018-12-07 00:19:27,865 - netlog - INFO - epoch:7, index:950, G_Loss:0.0467562191188
2018-12-07 00:19:31,355 - netlog - INFO - epoch:7, index:960, G_Loss:0.0960186496377
2018-12-07 00:19:36,583 - netlog - INFO - epoch:7, index:970, G_Loss:0.0467513613403
2018-12-07 00:19:38,859 - netlog - INFO - epoch:7, index:980, G_Loss:0.0462116450071
2018-12-07 00:19:42,172 - netlog - INFO - epoch:7, index:990, G_Loss:0.0722069367766
2018-12-07 00:19:45,818 - netlog - INFO - epoch:7, index:1000, G_Loss:0.0362958610058
2018-12-07 00:19:48,158 - netlog - INFO - Start Validation
2018-12-07 00:19:50,492 - netlog - INFO - epoch:8, index:0, G_Loss:0.0540796369314
2018-12-07 00:19:53,829 - netlog - INFO - epoch:8, index:10, G_Loss:0.0426169596612
2018-12-07 00:19:57,876 - netlog - INFO - epoch:8, index:20, G_Loss:0.061025749892
2018-12-07 00:20:00,802 - netlog - INFO - epoch:8, index:30, G_Loss:0.0315762199461
2018-12-07 00:20:03,120 - netlog - INFO - epoch:8, index:40, G_Loss:0.0742168873549
2018-12-07 00:20:07,433 - netlog - INFO - epoch:8, index:50, G_Loss:0.0400194376707
2018-12-07 00:20:11,648 - netlog - INFO - epoch:8, index:60, G_Loss:0.0643718615174
2018-12-07 00:20:13,019 - netlog - INFO - epoch:8, index:70, G_Loss:0.0485055297613
2018-12-07 00:20:17,532 - netlog - INFO - epoch:8, index:80, G_Loss:0.0453497357666
2018-12-07 00:20:20,641 - netlog - INFO - epoch:8, index:90, G_Loss:0.0553530789912
2018-12-07 00:20:24,712 - netlog - INFO - epoch:8, index:100, G_Loss:0.0711777731776
2018-12-07 00:20:26,941 - netlog - INFO - epoch:8, index:110, G_Loss:0.0465641915798
2018-12-07 00:20:30,861 - netlog - INFO - epoch:8, index:120, G_Loss:0.0365652926266
2018-12-07 00:20:33,771 - netlog - INFO - epoch:8, index:130, G_Loss:0.0778317451477
2018-12-07 00:20:37,922 - netlog - INFO - epoch:8, index:140, G_Loss:0.0822605639696
2018-12-07 00:20:40,440 - netlog - INFO - epoch:8, index:150, G_Loss:0.0502878576517
2018-12-07 00:20:44,486 - netlog - INFO - epoch:8, index:160, G_Loss:0.054682623595
2018-12-07 00:20:47,384 - netlog - INFO - epoch:8, index:170, G_Loss:0.0663101747632
2018-12-07 00:20:51,272 - netlog - INFO - epoch:8, index:180, G_Loss:0.0770272910595
2018-12-07 00:20:54,511 - netlog - INFO - epoch:8, index:190, G_Loss:0.040428314358
2018-12-07 00:20:56,706 - netlog - INFO - epoch:8, index:200, G_Loss:0.0555720739067
2018-12-07 00:20:59,777 - netlog - INFO - epoch:8, index:210, G_Loss:0.0462577193975
2018-12-07 00:21:04,114 - netlog - INFO - epoch:8, index:220, G_Loss:0.0605577677488
2018-12-07 00:21:06,475 - netlog - INFO - epoch:8, index:230, G_Loss:0.0609087310731
2018-12-07 00:21:09,212 - netlog - INFO - epoch:8, index:240, G_Loss:0.0388915725052
2018-12-07 00:21:13,090 - netlog - INFO - epoch:8, index:250, G_Loss:0.0256090927869
2018-12-07 00:21:16,161 - netlog - INFO - epoch:8, index:260, G_Loss:0.0291287172586
2018-12-07 00:21:19,887 - netlog - INFO - epoch:8, index:270, G_Loss:0.0363585464656
2018-12-07 00:21:23,456 - netlog - INFO - epoch:8, index:280, G_Loss:0.0501577854156
2018-12-07 00:21:26,665 - netlog - INFO - epoch:8, index:290, G_Loss:0.0942673459649
2018-12-07 00:21:28,798 - netlog - INFO - epoch:8, index:300, G_Loss:0.0531751550734
2018-12-07 00:21:32,408 - netlog - INFO - epoch:8, index:310, G_Loss:0.0518771260977
2018-12-07 00:21:36,082 - netlog - INFO - epoch:8, index:320, G_Loss:0.0899609401822
2018-12-07 00:21:40,728 - netlog - INFO - epoch:8, index:330, G_Loss:0.020647501573
2018-12-07 00:21:45,196 - netlog - INFO - epoch:8, index:340, G_Loss:0.0312011707574
2018-12-07 00:21:48,755 - netlog - INFO - epoch:8, index:350, G_Loss:0.0552815236151
2018-12-07 00:21:52,124 - netlog - INFO - epoch:8, index:360, G_Loss:0.0856983959675
2018-12-07 00:21:54,269 - netlog - INFO - epoch:8, index:370, G_Loss:0.0343560390174
2018-12-07 00:21:57,672 - netlog - INFO - epoch:8, index:380, G_Loss:0.0802364423871
2018-12-07 00:22:01,194 - netlog - INFO - epoch:8, index:390, G_Loss:0.0497893206775
2018-12-07 00:22:03,823 - netlog - INFO - epoch:8, index:400, G_Loss:0.0644146725535
2018-12-07 00:22:07,552 - netlog - INFO - epoch:8, index:410, G_Loss:0.04567123577
2018-12-07 00:22:09,655 - netlog - INFO - epoch:8, index:420, G_Loss:0.0435378439724
2018-12-07 00:22:12,717 - netlog - INFO - epoch:8, index:430, G_Loss:0.0276790037751
2018-12-07 00:22:15,597 - netlog - INFO - epoch:8, index:440, G_Loss:0.0575217157602
2018-12-07 00:22:18,870 - netlog - INFO - epoch:8, index:450, G_Loss:0.0614871531725
2018-12-07 00:22:21,178 - netlog - INFO - epoch:8, index:460, G_Loss:0.0770862177014
2018-12-07 00:22:25,054 - netlog - INFO - epoch:8, index:470, G_Loss:0.0680795833468
2018-12-07 00:22:26,898 - netlog - INFO - epoch:8, index:480, G_Loss:0.0483165793121
2018-12-07 00:22:29,504 - netlog - INFO - epoch:8, index:490, G_Loss:0.0621224306524
2018-12-07 00:22:33,490 - netlog - INFO - epoch:8, index:500, G_Loss:0.0572004206479
2018-12-07 00:22:37,458 - netlog - INFO - epoch:8, index:510, G_Loss:0.0687138363719
2018-12-07 00:22:39,961 - netlog - INFO - epoch:8, index:520, G_Loss:0.0336211025715
2018-12-07 00:22:43,684 - netlog - INFO - epoch:8, index:530, G_Loss:0.057171266526
2018-12-07 00:22:48,562 - netlog - INFO - epoch:8, index:540, G_Loss:0.0607496201992
2018-12-07 00:22:51,448 - netlog - INFO - epoch:8, index:550, G_Loss:0.0779581442475
2018-12-07 00:22:54,772 - netlog - INFO - epoch:8, index:560, G_Loss:0.0677235499024
2018-12-07 00:22:58,615 - netlog - INFO - epoch:8, index:570, G_Loss:0.0656048208475
2018-12-07 00:23:02,059 - netlog - INFO - epoch:8, index:580, G_Loss:0.0753261819482
2018-12-07 00:23:05,083 - netlog - INFO - epoch:8, index:590, G_Loss:0.061918258667
2018-12-07 00:23:09,077 - netlog - INFO - epoch:8, index:600, G_Loss:0.0584831051528
2018-12-07 00:23:11,274 - netlog - INFO - epoch:8, index:610, G_Loss:0.0722991302609
2018-12-07 00:23:16,002 - netlog - INFO - epoch:8, index:620, G_Loss:0.0644905045629
2018-12-07 00:23:19,312 - netlog - INFO - epoch:8, index:630, G_Loss:0.0597746968269
2018-12-07 00:23:22,510 - netlog - INFO - epoch:8, index:640, G_Loss:0.0413271225989
2018-12-07 00:23:25,759 - netlog - INFO - epoch:8, index:650, G_Loss:0.0434329845011
2018-12-07 00:23:27,886 - netlog - INFO - epoch:8, index:660, G_Loss:0.0465610586107
2018-12-07 00:23:31,303 - netlog - INFO - epoch:8, index:670, G_Loss:0.0517282672226
2018-12-07 00:23:35,044 - netlog - INFO - epoch:8, index:680, G_Loss:0.0437720008194
2018-12-07 00:23:37,375 - netlog - INFO - epoch:8, index:690, G_Loss:0.0642459765077
2018-12-07 00:23:40,029 - netlog - INFO - epoch:8, index:700, G_Loss:0.0413251109421
2018-12-07 00:23:44,860 - netlog - INFO - epoch:8, index:710, G_Loss:0.0733176469803
2018-12-07 00:23:48,077 - netlog - INFO - epoch:8, index:720, G_Loss:0.0689970850945
2018-12-07 00:23:50,653 - netlog - INFO - epoch:8, index:730, G_Loss:0.0554138161242
2018-12-07 00:23:54,483 - netlog - INFO - epoch:8, index:740, G_Loss:0.0310816746205
2018-12-07 00:23:57,148 - netlog - INFO - epoch:8, index:750, G_Loss:0.0550470761955
2018-12-07 00:24:01,326 - netlog - INFO - epoch:8, index:760, G_Loss:0.0307406559587
2018-12-07 00:24:05,329 - netlog - INFO - epoch:8, index:770, G_Loss:0.0462504066527
2018-12-07 00:24:08,215 - netlog - INFO - epoch:8, index:780, G_Loss:0.0731038972735
2018-12-07 00:24:12,087 - netlog - INFO - epoch:8, index:790, G_Loss:0.0436164774001
2018-12-07 00:24:15,539 - netlog - INFO - epoch:8, index:800, G_Loss:0.0507089011371
2018-12-07 00:24:18,014 - netlog - INFO - epoch:8, index:810, G_Loss:0.0435765720904
2018-12-07 00:24:21,505 - netlog - INFO - epoch:8, index:820, G_Loss:0.05326455459
2018-12-07 00:24:25,599 - netlog - INFO - epoch:8, index:830, G_Loss:0.0378271341324
2018-12-07 00:24:27,980 - netlog - INFO - epoch:8, index:840, G_Loss:0.0486139841378
2018-12-07 00:24:31,719 - netlog - INFO - epoch:8, index:850, G_Loss:0.0337534286082
2018-12-07 00:24:34,659 - netlog - INFO - epoch:8, index:860, G_Loss:0.0449803955853
2018-12-07 00:24:37,953 - netlog - INFO - epoch:8, index:870, G_Loss:0.0292995199561
2018-12-07 00:24:40,581 - netlog - INFO - epoch:8, index:880, G_Loss:0.0648447424173
2018-12-07 00:24:43,974 - netlog - INFO - epoch:8, index:890, G_Loss:0.0722010657191
2018-12-07 00:24:46,193 - netlog - INFO - epoch:8, index:900, G_Loss:0.0633569285274
2018-12-07 00:24:50,106 - netlog - INFO - epoch:8, index:910, G_Loss:0.0462705232203
2018-12-07 00:24:52,305 - netlog - INFO - epoch:8, index:920, G_Loss:0.0516417212784
2018-12-07 00:24:55,029 - netlog - INFO - epoch:8, index:930, G_Loss:0.0878797993064
2018-12-07 00:24:57,288 - netlog - INFO - epoch:8, index:940, G_Loss:0.0617206506431
2018-12-07 00:25:02,087 - netlog - INFO - epoch:8, index:950, G_Loss:0.048740606755
2018-12-07 00:25:04,275 - netlog - INFO - epoch:8, index:960, G_Loss:0.0426220558584
2018-12-07 00:25:07,524 - netlog - INFO - epoch:8, index:970, G_Loss:0.0660003498197
2018-12-07 00:25:10,264 - netlog - INFO - epoch:8, index:980, G_Loss:0.056118991226
2018-12-07 00:25:12,992 - netlog - INFO - epoch:8, index:990, G_Loss:0.0606895498931
2018-12-07 00:25:15,898 - netlog - INFO - epoch:8, index:1000, G_Loss:0.0455271154642
2018-12-07 00:25:17,734 - netlog - INFO - Start Validation
2018-12-07 00:25:20,047 - netlog - INFO - epoch:9, index:0, G_Loss:0.0466714017093
2018-12-07 00:25:23,379 - netlog - INFO - epoch:9, index:10, G_Loss:0.0837057754397
2018-12-07 00:25:25,832 - netlog - INFO - epoch:9, index:20, G_Loss:0.0414731353521
2018-12-07 00:25:29,983 - netlog - INFO - epoch:9, index:30, G_Loss:0.0533934235573
2018-12-07 00:25:34,067 - netlog - INFO - epoch:9, index:40, G_Loss:0.0560372136533
2018-12-07 00:25:37,257 - netlog - INFO - epoch:9, index:50, G_Loss:0.0699391961098
2018-12-07 00:25:40,675 - netlog - INFO - epoch:9, index:60, G_Loss:0.0375668220222
2018-12-07 00:25:44,435 - netlog - INFO - epoch:9, index:70, G_Loss:0.0894014164805
2018-12-07 00:25:46,986 - netlog - INFO - epoch:9, index:80, G_Loss:0.0343803949654
2018-12-07 00:25:51,399 - netlog - INFO - epoch:9, index:90, G_Loss:0.0713573023677
2018-12-07 00:25:54,502 - netlog - INFO - epoch:9, index:100, G_Loss:0.0615921579301
2018-12-07 00:25:56,623 - netlog - INFO - epoch:9, index:110, G_Loss:0.0425191111863
2018-12-07 00:26:01,265 - netlog - INFO - epoch:9, index:120, G_Loss:0.0384667254984
2018-12-07 00:26:04,629 - netlog - INFO - epoch:9, index:130, G_Loss:0.0494839884341
2018-12-07 00:26:07,745 - netlog - INFO - epoch:9, index:140, G_Loss:0.0531032532454
2018-12-07 00:26:11,746 - netlog - INFO - epoch:9, index:150, G_Loss:0.0549810267985
2018-12-07 00:26:14,822 - netlog - INFO - epoch:9, index:160, G_Loss:0.0263559520245
2018-12-07 00:26:18,538 - netlog - INFO - epoch:9, index:170, G_Loss:0.0666531845927
2018-12-07 00:26:21,529 - netlog - INFO - epoch:9, index:180, G_Loss:0.0638960972428
2018-12-07 00:26:25,601 - netlog - INFO - epoch:9, index:190, G_Loss:0.0401726327837
2018-12-07 00:26:29,489 - netlog - INFO - epoch:9, index:200, G_Loss:0.06729619205
2018-12-07 00:26:33,337 - netlog - INFO - epoch:9, index:210, G_Loss:0.0408371128142
2018-12-07 00:26:35,393 - netlog - INFO - epoch:9, index:220, G_Loss:0.042319715023
2018-12-07 00:26:38,371 - netlog - INFO - epoch:9, index:230, G_Loss:0.0714756846428
2018-12-07 00:26:41,917 - netlog - INFO - epoch:9, index:240, G_Loss:0.0511758290231
2018-12-07 00:26:44,790 - netlog - INFO - epoch:9, index:250, G_Loss:0.0233830343932
2018-12-07 00:26:46,719 - netlog - INFO - epoch:9, index:260, G_Loss:0.0644896999002
2018-12-07 00:26:50,994 - netlog - INFO - epoch:9, index:270, G_Loss:0.0570608787239
2018-12-07 00:26:54,297 - netlog - INFO - epoch:9, index:280, G_Loss:0.0741204917431
2018-12-07 00:26:56,892 - netlog - INFO - epoch:9, index:290, G_Loss:0.080753326416
2018-12-07 00:26:59,759 - netlog - INFO - epoch:9, index:300, G_Loss:0.0696480423212
2018-12-07 00:27:02,599 - netlog - INFO - epoch:9, index:310, G_Loss:0.0629862248898
2018-12-07 00:27:05,790 - netlog - INFO - epoch:9, index:320, G_Loss:0.0610495023429
2018-12-07 00:27:09,654 - netlog - INFO - epoch:9, index:330, G_Loss:0.0661184638739
2018-12-07 00:27:12,010 - netlog - INFO - epoch:9, index:340, G_Loss:0.0355961285532
2018-12-07 00:27:15,946 - netlog - INFO - epoch:9, index:350, G_Loss:0.0674112215638
2018-12-07 00:27:20,345 - netlog - INFO - epoch:9, index:360, G_Loss:0.0322390906513
2018-12-07 00:27:22,386 - netlog - INFO - epoch:9, index:370, G_Loss:0.0357885323465
2018-12-07 00:27:25,636 - netlog - INFO - epoch:9, index:380, G_Loss:0.0507159270346
2018-12-07 00:27:30,062 - netlog - INFO - epoch:9, index:390, G_Loss:0.0712509080768
2018-12-07 00:27:32,959 - netlog - INFO - epoch:9, index:400, G_Loss:0.0269517023116
2018-12-07 00:27:34,970 - netlog - INFO - epoch:9, index:410, G_Loss:0.0604439340532
2018-12-07 00:27:38,055 - netlog - INFO - epoch:9, index:420, G_Loss:0.0601225011051
2018-12-07 00:27:40,660 - netlog - INFO - epoch:9, index:430, G_Loss:0.0357594154775
2018-12-07 00:27:44,131 - netlog - INFO - epoch:9, index:440, G_Loss:0.0363548696041
2018-12-07 00:27:47,468 - netlog - INFO - epoch:9, index:450, G_Loss:0.0504835806787
2018-12-07 00:27:50,349 - netlog - INFO - epoch:9, index:460, G_Loss:0.0480007715523
2018-12-07 00:27:53,161 - netlog - INFO - epoch:9, index:470, G_Loss:0.0549313686788
2018-12-07 00:27:56,455 - netlog - INFO - epoch:9, index:480, G_Loss:0.0654843375087
2018-12-07 00:27:59,288 - netlog - INFO - epoch:9, index:490, G_Loss:0.0666171237826
2018-12-07 00:28:03,568 - netlog - INFO - epoch:9, index:500, G_Loss:0.0702337101102
2018-12-07 00:28:08,330 - netlog - INFO - epoch:9, index:510, G_Loss:0.0366782173514
2018-12-07 00:28:11,288 - netlog - INFO - epoch:9, index:520, G_Loss:0.0284498482943
2018-12-07 00:28:14,715 - netlog - INFO - epoch:9, index:530, G_Loss:0.0523593388498
2018-12-07 00:28:17,928 - netlog - INFO - epoch:9, index:540, G_Loss:0.0577049106359
2018-12-07 00:28:20,935 - netlog - INFO - epoch:9, index:550, G_Loss:0.060102250427
2018-12-07 00:28:23,306 - netlog - INFO - epoch:9, index:560, G_Loss:0.056217353791
2018-12-07 00:28:25,877 - netlog - INFO - epoch:9, index:570, G_Loss:0.062098428607
2018-12-07 00:28:29,578 - netlog - INFO - epoch:9, index:580, G_Loss:0.0843796804547
2018-12-07 00:28:34,093 - netlog - INFO - epoch:9, index:590, G_Loss:0.0557501316071
2018-12-07 00:28:36,861 - netlog - INFO - epoch:9, index:600, G_Loss:0.0694970861077
2018-12-07 00:28:39,296 - netlog - INFO - epoch:9, index:610, G_Loss:0.0546315647662
2018-12-07 00:28:42,248 - netlog - INFO - epoch:9, index:620, G_Loss:0.0801474303007
2018-12-07 00:28:45,071 - netlog - INFO - epoch:9, index:630, G_Loss:0.0797459706664
2018-12-07 00:28:47,795 - netlog - INFO - epoch:9, index:640, G_Loss:0.0584058016539
2018-12-07 00:28:52,134 - netlog - INFO - epoch:9, index:650, G_Loss:0.0445664934814
2018-12-07 00:28:55,493 - netlog - INFO - epoch:9, index:660, G_Loss:0.0620723217726
2018-12-07 00:28:57,769 - netlog - INFO - epoch:9, index:670, G_Loss:0.0659892931581
2018-12-07 00:29:00,674 - netlog - INFO - epoch:9, index:680, G_Loss:0.056457221508
2018-12-07 00:29:03,411 - netlog - INFO - epoch:9, index:690, G_Loss:0.0776915326715
2018-12-07 00:29:06,819 - netlog - INFO - epoch:9, index:700, G_Loss:0.0517413951457
2018-12-07 00:29:10,398 - netlog - INFO - epoch:9, index:710, G_Loss:0.0358105413616
2018-12-07 00:29:12,666 - netlog - INFO - epoch:9, index:720, G_Loss:0.0242470577359
2018-12-07 00:29:16,342 - netlog - INFO - epoch:9, index:730, G_Loss:0.0674380287528
2018-12-07 00:29:20,168 - netlog - INFO - epoch:9, index:740, G_Loss:0.0707448869944
2018-12-07 00:29:23,915 - netlog - INFO - epoch:9, index:750, G_Loss:0.0675246343017
2018-12-07 00:29:28,586 - netlog - INFO - epoch:9, index:760, G_Loss:0.0558212548494
2018-12-07 00:29:32,291 - netlog - INFO - epoch:9, index:770, G_Loss:0.0299041960388
2018-12-07 00:29:34,975 - netlog - INFO - epoch:9, index:780, G_Loss:0.0764314755797
2018-12-07 00:29:39,221 - netlog - INFO - epoch:9, index:790, G_Loss:0.063009545207
2018-12-07 00:29:43,132 - netlog - INFO - epoch:9, index:800, G_Loss:0.0441974587739
2018-12-07 00:29:45,285 - netlog - INFO - epoch:9, index:810, G_Loss:0.06818266958
2018-12-07 00:29:48,665 - netlog - INFO - epoch:9, index:820, G_Loss:0.0315519310534
2018-12-07 00:29:52,065 - netlog - INFO - epoch:9, index:830, G_Loss:0.0448919869959
2018-12-07 00:29:56,672 - netlog - INFO - epoch:9, index:840, G_Loss:0.0464852899313
2018-12-07 00:29:58,454 - netlog - INFO - epoch:9, index:850, G_Loss:0.0454774089158
2018-12-07 00:30:02,153 - netlog - INFO - epoch:9, index:860, G_Loss:0.0290076229721
2018-12-07 00:30:05,750 - netlog - INFO - epoch:9, index:870, G_Loss:0.073742993176
2018-12-07 00:30:08,706 - netlog - INFO - epoch:9, index:880, G_Loss:0.0560971647501
2018-12-07 00:30:12,327 - netlog - INFO - epoch:9, index:890, G_Loss:0.065978474915
2018-12-07 00:30:14,649 - netlog - INFO - epoch:9, index:900, G_Loss:0.054680109024
2018-12-07 00:30:17,941 - netlog - INFO - epoch:9, index:910, G_Loss:0.0669656768441
2018-12-07 00:30:21,314 - netlog - INFO - epoch:9, index:920, G_Loss:0.0379858985543
2018-12-07 00:30:25,029 - netlog - INFO - epoch:9, index:930, G_Loss:0.0403250940144
2018-12-07 00:30:28,614 - netlog - INFO - epoch:9, index:940, G_Loss:0.0562162213027
2018-12-07 00:30:31,176 - netlog - INFO - epoch:9, index:950, G_Loss:0.0415553152561
2018-12-07 00:30:33,822 - netlog - INFO - epoch:9, index:960, G_Loss:0.0662278905511
2018-12-07 00:30:36,751 - netlog - INFO - epoch:9, index:970, G_Loss:0.065988458693
2018-12-07 00:30:39,904 - netlog - INFO - epoch:9, index:980, G_Loss:0.0933102667332
2018-12-07 00:30:42,923 - netlog - INFO - epoch:9, index:990, G_Loss:0.0696578174829
2018-12-07 00:30:45,845 - netlog - INFO - epoch:9, index:1000, G_Loss:0.0548814684153
2018-12-07 00:30:47,438 - netlog - INFO - Start Validation
