2018-12-09 14:16:31,167 - netlog - INFO - ================================================
2018-12-09 14:16:31,167 - netlog - INFO - Generator Learning Rate: 0.001
2018-12-09 14:16:31,167 - netlog - INFO - Discriminator Learning Rate: 0.001
2018-12-09 14:16:31,167 - netlog - INFO - Discriminator: NLayer
2018-12-09 14:16:31,167 - netlog - INFO - Loader:Syn2Real
2018-12-09 14:16:31,167 - netlog - INFO - Nbr of Epochs: 100
2018-12-09 14:16:34,266 - netlog - INFO - Start Training
2018-12-09 14:16:39,084 - netlog - INFO - epoch:0, index:0, G_Loss:29.6026268005, D_Loss:0.388619214296
2018-12-09 14:16:45,981 - netlog - INFO - epoch:0, index:10, G_Loss:19.9179191589, D_Loss:0.312223255634
2018-12-09 14:16:51,145 - netlog - INFO - epoch:0, index:20, G_Loss:17.0267238617, D_Loss:0.21687272191
2018-12-09 14:16:58,396 - netlog - INFO - epoch:0, index:30, G_Loss:22.9794197083, D_Loss:0.212986588478
2018-12-09 14:17:05,507 - netlog - INFO - epoch:0, index:40, G_Loss:13.6850681305, D_Loss:0.243447750807
2018-12-09 14:17:14,233 - netlog - INFO - epoch:0, index:50, G_Loss:15.1778392792, D_Loss:0.199692696333
2018-12-09 14:17:22,320 - netlog - INFO - epoch:0, index:60, G_Loss:15.4891881943, D_Loss:0.194330096245
2018-12-09 14:17:30,360 - netlog - INFO - epoch:0, index:70, G_Loss:13.8961772919, D_Loss:0.209835112095
2018-12-09 14:17:37,310 - netlog - INFO - epoch:0, index:80, G_Loss:13.8896093369, D_Loss:0.210882931948
2018-12-09 14:17:45,052 - netlog - INFO - epoch:0, index:90, G_Loss:14.4609375, D_Loss:0.196014210582
2018-12-09 14:17:51,852 - netlog - INFO - epoch:0, index:100, G_Loss:14.5110454559, D_Loss:0.187544316053
2018-12-09 14:17:56,505 - netlog - INFO - epoch:0, index:110, G_Loss:10.2206449509, D_Loss:0.196653172374
2018-12-09 14:18:03,155 - netlog - INFO - epoch:0, index:120, G_Loss:15.1582422256, D_Loss:0.196226656437
2018-12-09 14:18:09,847 - netlog - INFO - epoch:0, index:130, G_Loss:13.5636577606, D_Loss:0.190722554922
2018-12-09 14:18:17,046 - netlog - INFO - epoch:0, index:140, G_Loss:7.28258085251, D_Loss:0.199281901121
2018-12-09 14:18:25,846 - netlog - INFO - epoch:0, index:150, G_Loss:15.185125351, D_Loss:0.214035987854
2018-12-09 14:18:30,701 - netlog - INFO - epoch:0, index:160, G_Loss:14.2914190292, D_Loss:0.168398052454
2018-12-09 14:18:35,747 - netlog - INFO - epoch:0, index:170, G_Loss:14.1980495453, D_Loss:0.187737166882
2018-12-09 14:18:41,545 - netlog - INFO - epoch:0, index:180, G_Loss:14.5158586502, D_Loss:0.22828014195
2018-12-09 14:18:47,536 - netlog - INFO - epoch:0, index:190, G_Loss:10.7027597427, D_Loss:0.208362475038
2018-12-09 14:18:53,287 - netlog - INFO - epoch:0, index:200, G_Loss:9.81761264801, D_Loss:0.184623360634
2018-12-09 14:19:01,370 - netlog - INFO - epoch:0, index:210, G_Loss:10.016415596, D_Loss:0.202065870166
2018-12-09 14:19:07,761 - netlog - INFO - epoch:0, index:220, G_Loss:15.9041652679, D_Loss:0.19674398005
2018-12-09 14:19:14,348 - netlog - INFO - epoch:0, index:230, G_Loss:11.6214790344, D_Loss:0.225216180086
2018-12-09 14:19:21,434 - netlog - INFO - epoch:0, index:240, G_Loss:17.2350997925, D_Loss:0.271015167236
2018-12-09 14:19:29,155 - netlog - INFO - epoch:0, index:250, G_Loss:10.4706373215, D_Loss:0.191516727209
2018-12-09 14:19:36,060 - netlog - INFO - epoch:0, index:260, G_Loss:12.3837413788, D_Loss:0.202753901482
2018-12-09 14:19:46,343 - netlog - INFO - epoch:0, index:270, G_Loss:10.5835361481, D_Loss:0.18052393198
2018-12-09 14:19:54,982 - netlog - INFO - epoch:0, index:280, G_Loss:7.07856607437, D_Loss:0.186181083322
2018-12-09 14:20:01,413 - netlog - INFO - epoch:0, index:290, G_Loss:9.42388248444, D_Loss:0.121739923954
2018-12-09 14:20:09,745 - netlog - INFO - epoch:0, index:300, G_Loss:13.9816656113, D_Loss:0.167371526361
2018-12-09 14:20:18,725 - netlog - INFO - epoch:0, index:310, G_Loss:11.2836322784, D_Loss:0.191672444344
2018-12-09 14:20:27,122 - netlog - INFO - epoch:0, index:320, G_Loss:10.2619428635, D_Loss:0.32854783535
2018-12-09 14:20:33,017 - netlog - INFO - epoch:0, index:330, G_Loss:10.5999822617, D_Loss:0.185673475266
2018-12-09 14:20:39,290 - netlog - INFO - epoch:0, index:340, G_Loss:9.62282371521, D_Loss:0.120612174273
2018-12-09 14:20:48,205 - netlog - INFO - epoch:0, index:350, G_Loss:11.5615167618, D_Loss:0.154009833932
2018-12-09 14:20:55,187 - netlog - INFO - epoch:0, index:360, G_Loss:7.78259897232, D_Loss:0.118069261312
2018-12-09 14:21:03,611 - netlog - INFO - epoch:0, index:370, G_Loss:15.1117811203, D_Loss:0.10930237174
2018-12-09 14:21:11,431 - netlog - INFO - epoch:0, index:380, G_Loss:10.3404216766, D_Loss:0.110765874386
2018-12-09 14:21:22,104 - netlog - INFO - epoch:0, index:390, G_Loss:13.0330724716, D_Loss:0.0648031234741
2018-12-09 14:21:27,890 - netlog - INFO - epoch:0, index:400, G_Loss:13.6385412216, D_Loss:0.191439270973
2018-12-09 14:21:32,621 - netlog - INFO - epoch:0, index:410, G_Loss:12.5225019455, D_Loss:0.107826143503
2018-12-09 14:21:44,433 - netlog - INFO - epoch:0, index:420, G_Loss:14.6402988434, D_Loss:0.0978036001325
2018-12-09 14:21:49,391 - netlog - INFO - epoch:0, index:430, G_Loss:12.0756807327, D_Loss:0.112148553133
2018-12-09 14:21:55,511 - netlog - INFO - epoch:0, index:440, G_Loss:9.78108406067, D_Loss:0.0952716693282
2018-12-09 14:22:06,211 - netlog - INFO - epoch:0, index:450, G_Loss:8.27564144135, D_Loss:0.164950937033
2018-12-09 14:22:13,132 - netlog - INFO - epoch:0, index:460, G_Loss:13.4630336761, D_Loss:0.198003649712
2018-12-09 14:22:22,643 - netlog - INFO - epoch:0, index:470, G_Loss:10.2379436493, D_Loss:0.159792512655
2018-12-09 14:22:28,500 - netlog - INFO - epoch:0, index:480, G_Loss:10.0045700073, D_Loss:0.0361189208925
2018-12-09 14:22:33,633 - netlog - INFO - epoch:0, index:490, G_Loss:10.9861812592, D_Loss:0.205689311028
2018-12-09 14:22:41,389 - netlog - INFO - epoch:0, index:500, G_Loss:10.3342161179, D_Loss:0.164879992604
2018-12-09 14:22:50,855 - netlog - INFO - epoch:0, index:510, G_Loss:12.4687337875, D_Loss:0.303650856018
2018-12-09 14:22:57,821 - netlog - INFO - epoch:0, index:520, G_Loss:8.63114356995, D_Loss:0.130789548159
2018-12-09 14:23:07,052 - netlog - INFO - epoch:0, index:530, G_Loss:12.8870887756, D_Loss:0.0784293860197
2018-12-09 14:23:15,442 - netlog - INFO - epoch:0, index:540, G_Loss:9.02764892578, D_Loss:0.156652927399
2018-12-09 14:23:22,864 - netlog - INFO - epoch:0, index:550, G_Loss:11.0149030685, D_Loss:0.12674061954
2018-12-09 14:23:28,811 - netlog - INFO - epoch:0, index:560, G_Loss:10.6307067871, D_Loss:0.206054806709
2018-12-09 14:23:34,256 - netlog - INFO - epoch:0, index:570, G_Loss:9.61219596863, D_Loss:0.120425790548
2018-12-09 14:23:43,525 - netlog - INFO - epoch:0, index:580, G_Loss:7.27394533157, D_Loss:0.158624142408
2018-12-09 14:23:50,430 - netlog - INFO - epoch:0, index:590, G_Loss:9.60627841949, D_Loss:0.153067648411
2018-12-09 14:23:57,847 - netlog - INFO - epoch:0, index:600, G_Loss:7.11088228226, D_Loss:0.27204015851
2018-12-09 14:24:08,749 - netlog - INFO - epoch:0, index:610, G_Loss:14.0736942291, D_Loss:0.28497672081
2018-12-09 14:24:13,950 - netlog - INFO - epoch:0, index:620, G_Loss:11.0593414307, D_Loss:0.166140824556
2018-12-09 14:24:23,253 - netlog - INFO - epoch:0, index:630, G_Loss:10.1515579224, D_Loss:0.0921160131693
2018-12-09 14:24:30,559 - netlog - INFO - epoch:0, index:640, G_Loss:10.0780954361, D_Loss:0.173357844353
2018-12-09 14:24:36,748 - netlog - INFO - epoch:0, index:650, G_Loss:8.85556316376, D_Loss:0.399999916553
2018-12-09 14:24:45,578 - netlog - INFO - epoch:0, index:660, G_Loss:8.20304870605, D_Loss:0.241473868489
2018-12-09 14:24:51,901 - netlog - INFO - epoch:0, index:670, G_Loss:9.62642192841, D_Loss:0.138746410608
2018-12-09 14:25:00,753 - netlog - INFO - epoch:0, index:680, G_Loss:11.7667913437, D_Loss:0.345885187387
2018-12-09 14:25:10,474 - netlog - INFO - epoch:0, index:690, G_Loss:6.71539068222, D_Loss:0.155627384782
2018-12-09 14:25:19,460 - netlog - INFO - epoch:0, index:700, G_Loss:8.02439212799, D_Loss:0.232128858566
2018-12-09 14:25:25,884 - netlog - INFO - epoch:0, index:710, G_Loss:7.26599836349, D_Loss:0.094519674778
2018-12-09 14:25:37,814 - netlog - INFO - epoch:0, index:720, G_Loss:9.05559825897, D_Loss:0.200315624475
2018-12-09 14:25:48,113 - netlog - INFO - epoch:0, index:730, G_Loss:8.51294994354, D_Loss:0.0716416686773
2018-12-09 14:25:55,336 - netlog - INFO - epoch:0, index:740, G_Loss:9.8306016922, D_Loss:0.080355219543
2018-12-09 14:26:03,787 - netlog - INFO - epoch:0, index:750, G_Loss:10.0466890335, D_Loss:0.166339501739
2018-12-09 14:26:14,210 - netlog - INFO - epoch:0, index:760, G_Loss:12.2125873566, D_Loss:0.0395236313343
2018-12-09 14:26:21,021 - netlog - INFO - epoch:0, index:770, G_Loss:5.91213130951, D_Loss:0.125495806336
2018-12-09 14:26:30,169 - netlog - INFO - epoch:0, index:780, G_Loss:16.8456134796, D_Loss:0.28313690424
